[4.646s] Invoking command in '/home/ayden/learn_ros2_ws/src/my_robot_controller': PYTHONPATH=/home/ayden/learn_ros2_ws/build/my_robot_controller/prefix_override:/home/ayden/learn_ros2_ws/install/my_robot_controller/lib/python3.10/site-packages:${PYTHONPATH} /usr/bin/python3 setup.py egg_info --egg-base ../../build/my_robot_controller build --build-base /home/ayden/learn_ros2_ws/build/my_robot_controller/build install --record /home/ayden/learn_ros2_ws/build/my_robot_controller/install.log --single-version-externally-managed
[5.507s] running egg_info
[5.510s] creating ../../build/my_robot_controller/my_robot_controller.egg-info
[5.510s] writing ../../build/my_robot_controller/my_robot_controller.egg-info/PKG-INFO
[5.511s] writing dependency_links to ../../build/my_robot_controller/my_robot_controller.egg-info/dependency_links.txt
[5.514s] writing entry points to ../../build/my_robot_controller/my_robot_controller.egg-info/entry_points.txt
[5.515s] writing requirements to ../../build/my_robot_controller/my_robot_controller.egg-info/requires.txt
[5.515s] writing top-level names to ../../build/my_robot_controller/my_robot_controller.egg-info/top_level.txt
[5.517s] writing manifest file '../../build/my_robot_controller/my_robot_controller.egg-info/SOURCES.txt'
[5.525s] reading manifest file '../../build/my_robot_controller/my_robot_controller.egg-info/SOURCES.txt'
[5.527s] writing manifest file '../../build/my_robot_controller/my_robot_controller.egg-info/SOURCES.txt'
[5.528s] running build
[5.528s] running build_py
[5.529s] creating /home/ayden/learn_ros2_ws/build/my_robot_controller/build
[5.529s] creating /home/ayden/learn_ros2_ws/build/my_robot_controller/build/lib
[5.529s] creating /home/ayden/learn_ros2_ws/build/my_robot_controller/build/lib/my_robot_controller
[5.530s] copying my_robot_controller/__init__.py -> /home/ayden/learn_ros2_ws/build/my_robot_controller/build/lib/my_robot_controller
[5.530s] running install
[5.531s] running install_lib
[5.532s] creating /home/ayden/learn_ros2_ws/install/my_robot_controller/lib/python3.10/site-packages/my_robot_controller
[5.533s] copying /home/ayden/learn_ros2_ws/build/my_robot_controller/build/lib/my_robot_controller/__init__.py -> /home/ayden/learn_ros2_ws/install/my_robot_controller/lib/python3.10/site-packages/my_robot_controller
[5.535s] byte-compiling /home/ayden/learn_ros2_ws/install/my_robot_controller/lib/python3.10/site-packages/my_robot_controller/__init__.py to __init__.cpython-310.pyc
[5.545s] running install_data
[5.546s] creating /home/ayden/learn_ros2_ws/install/my_robot_controller/share/ament_index
[5.547s] creating /home/ayden/learn_ros2_ws/install/my_robot_controller/share/ament_index/resource_index
[5.548s] creating /home/ayden/learn_ros2_ws/install/my_robot_controller/share/ament_index/resource_index/packages
[5.550s] copying resource/my_robot_controller -> /home/ayden/learn_ros2_ws/install/my_robot_controller/share/ament_index/resource_index/packages
[5.550s] copying package.xml -> /home/ayden/learn_ros2_ws/install/my_robot_controller/share/my_robot_controller
[5.553s] running install_egg_info
[5.558s] Copying ../../build/my_robot_controller/my_robot_controller.egg-info to /home/ayden/learn_ros2_ws/install/my_robot_controller/lib/python3.10/site-packages/my_robot_controller-0.0.0-py3.10.egg-info
[5.569s] running install_scripts
[5.621s] writing list of installed files to '/home/ayden/learn_ros2_ws/build/my_robot_controller/install.log'
[5.686s] Invoked command in '/home/ayden/learn_ros2_ws/src/my_robot_controller' returned '0': PYTHONPATH=/home/ayden/learn_ros2_ws/build/my_robot_controller/prefix_override:/home/ayden/learn_ros2_ws/install/my_robot_controller/lib/python3.10/site-packages:${PYTHONPATH} /usr/bin/python3 setup.py egg_info --egg-base ../../build/my_robot_controller build --build-base /home/ayden/learn_ros2_ws/build/my_robot_controller/build install --record /home/ayden/learn_ros2_ws/build/my_robot_controller/install.log --single-version-externally-managed
