[15.091s] DEBUG:colcon:Command line arguments: ['/usr/bin/colcon', 'build']
[15.091s] DEBUG:colcon:Parsed command line arguments: Namespace(log_base=None, log_level=None, verb_name='build', build_base='build', install_base='install', merge_install=False, symlink_install=False, test_result_base=None, continue_on_error=False, executor='parallel', parallel_workers=4, event_handlers=None, ignore_user_meta=False, metas=['./colcon.meta'], base_paths=['.'], packages_ignore=None, packages_ignore_regex=None, paths=None, packages_up_to=None, packages_up_to_regex=None, packages_above=None, packages_above_and_dependencies=None, packages_above_depth=None, packages_select_by_dep=None, packages_skip_by_dep=None, packages_skip_up_to=None, packages_select_build_failed=False, packages_skip_build_finished=False, packages_select_test_failures=False, packages_skip_test_passed=False, packages_select=None, packages_skip=None, packages_select_regex=None, packages_skip_regex=None, packages_start=None, packages_end=None, allow_overriding=[], cmake_args=None, cmake_target=None, cmake_target_skip_unavailable=False, cmake_clean_cache=False, cmake_clean_first=False, cmake_force_configure=False, ament_cmake_args=None, catkin_cmake_args=None, catkin_skip_building_tests=False, verb_parser=<colcon_defaults.argument_parser.defaults.DefaultArgumentsDecorator object at 0x7f7f827acbe0>, verb_extension=<colcon_core.verb.build.BuildVerb object at 0x7f7f82c47e80>, main=<bound method BuildVerb.main of <colcon_core.verb.build.BuildVerb object at 0x7f7f82c47e80>>)
[15.531s] Level 1:colcon.colcon_core.package_discovery:discover_packages(colcon_meta) check parameters
[15.531s] Level 1:colcon.colcon_core.package_discovery:discover_packages(recursive) check parameters
[15.531s] Level 1:colcon.colcon_core.package_discovery:discover_packages(ignore) check parameters
[15.532s] Level 1:colcon.colcon_core.package_discovery:discover_packages(path) check parameters
[15.532s] Level 1:colcon.colcon_core.package_discovery:discover_packages(colcon_meta) discover
[15.532s] Level 1:colcon.colcon_core.package_discovery:discover_packages(recursive) discover
[15.532s] INFO:colcon.colcon_core.package_discovery:Crawling recursively for packages in '/home/ayden/learn_ros2_ws'
[15.542s] Level 1:colcon.colcon_core.package_identification:_identify(.) by extensions ['ignore', 'ignore_ament_install']
[15.543s] Level 1:colcon.colcon_core.package_identification:_identify(.) by extension 'ignore'
[15.543s] Level 1:colcon.colcon_core.package_identification:_identify(.) by extension 'ignore_ament_install'
[15.543s] Level 1:colcon.colcon_core.package_identification:_identify(.) by extensions ['colcon_pkg']
[15.543s] Level 1:colcon.colcon_core.package_identification:_identify(.) by extension 'colcon_pkg'
[15.544s] Level 1:colcon.colcon_core.package_identification:_identify(.) by extensions ['colcon_meta']
[15.544s] Level 1:colcon.colcon_core.package_identification:_identify(.) by extension 'colcon_meta'
[15.544s] Level 1:colcon.colcon_core.package_identification:_identify(.) by extensions ['ros']
[15.544s] Level 1:colcon.colcon_core.package_identification:_identify(.) by extension 'ros'
[15.626s] Level 1:colcon.colcon_core.package_identification:_identify(.) by extensions ['cmake', 'python']
[15.626s] Level 1:colcon.colcon_core.package_identification:_identify(.) by extension 'cmake'
[15.627s] Level 1:colcon.colcon_core.package_identification:_identify(.) by extension 'python'
[15.627s] Level 1:colcon.colcon_core.package_identification:_identify(.) by extensions ['python_setup_py']
[15.627s] Level 1:colcon.colcon_core.package_identification:_identify(.) by extension 'python_setup_py'
[18.699s] DEBUG:colcon.colcon_core.package_identification:Package '.' with type 'python' and name 'my_urdf_pkg'
[18.699s] Level 1:colcon.colcon_core.package_discovery:discover_packages(recursive) using defaults
[18.700s] Level 1:colcon.colcon_core.package_discovery:discover_packages(ignore) discover
[18.700s] Level 1:colcon.colcon_core.package_discovery:discover_packages(ignore) using defaults
[18.700s] Level 1:colcon.colcon_core.package_discovery:discover_packages(path) discover
[18.700s] Level 1:colcon.colcon_core.package_discovery:discover_packages(path) using defaults
[19.783s] Level 1:colcon.colcon_core.package_discovery:discover_packages(prefix_path) check parameters
[19.783s] Level 1:colcon.colcon_core.package_discovery:discover_packages(prefix_path) discover
[20.117s] DEBUG:colcon.colcon_installed_package_information.package_discovery:Found 1 installed packages in /home/ayden/learn_ros2_ws/install
[20.358s] DEBUG:colcon.colcon_installed_package_information.package_discovery:Found 1 installed packages in /home/ayden/ros2_ws/install
[20.549s] DEBUG:colcon.colcon_installed_package_information.package_discovery:Found 1 installed packages in /home/ayden/science_fair_ws/install
[20.707s] DEBUG:colcon.colcon_installed_package_information.package_discovery:Found 380 installed packages in /opt/ros/humble
[20.724s] Level 1:colcon.colcon_core.package_discovery:discover_packages(prefix_path) using defaults
[21.773s] Level 5:colcon.colcon_core.verb:set package 'my_urdf_pkg' build argument 'cmake_args' from command line to 'None'
[21.784s] Level 5:colcon.colcon_core.verb:set package 'my_urdf_pkg' build argument 'cmake_target' from command line to 'None'
[21.784s] Level 5:colcon.colcon_core.verb:set package 'my_urdf_pkg' build argument 'cmake_target_skip_unavailable' from command line to 'False'
[21.784s] Level 5:colcon.colcon_core.verb:set package 'my_urdf_pkg' build argument 'cmake_clean_cache' from command line to 'False'
[21.784s] Level 5:colcon.colcon_core.verb:set package 'my_urdf_pkg' build argument 'cmake_clean_first' from command line to 'False'
[21.784s] Level 5:colcon.colcon_core.verb:set package 'my_urdf_pkg' build argument 'cmake_force_configure' from command line to 'False'
[21.785s] Level 5:colcon.colcon_core.verb:set package 'my_urdf_pkg' build argument 'ament_cmake_args' from command line to 'None'
[21.785s] Level 5:colcon.colcon_core.verb:set package 'my_urdf_pkg' build argument 'catkin_cmake_args' from command line to 'None'
[21.785s] Level 5:colcon.colcon_core.verb:set package 'my_urdf_pkg' build argument 'catkin_skip_building_tests' from command line to 'False'
[21.785s] DEBUG:colcon.colcon_core.verb:Building package 'my_urdf_pkg' with the following arguments: {'ament_cmake_args': None, 'build_base': '/home/ayden/learn_ros2_ws/build/my_urdf_pkg', 'catkin_cmake_args': None, 'catkin_skip_building_tests': False, 'cmake_args': None, 'cmake_clean_cache': False, 'cmake_clean_first': False, 'cmake_force_configure': False, 'cmake_target': None, 'cmake_target_skip_unavailable': False, 'install_base': '/home/ayden/learn_ros2_ws/install/my_urdf_pkg', 'merge_install': False, 'path': '/home/ayden/learn_ros2_ws', 'symlink_install': False, 'test_result_base': None}
[21.948s] INFO:colcon.colcon_core.executor:Executing jobs using 'parallel' executor
[22.114s] DEBUG:colcon.colcon_parallel_executor.executor.parallel:run_until_complete
[22.124s] INFO:colcon.colcon_core.task.python.build:Building Python package in '/home/ayden/learn_ros2_ws'
[22.300s] INFO:colcon.colcon_core.plugin_system:Skipping extension 'colcon_core.shell.bat': Not used on non-Windows systems
[22.301s] INFO:colcon.colcon_core.shell:Skip shell extension 'powershell' for command environment: Not usable outside of PowerShell
[22.301s] DEBUG:colcon.colcon_core.shell:Skip shell extension 'dsv' for command environment
[41.745s] DEBUG:colcon.colcon_core.event_handler.log_command:Invoking command in '/home/ayden/learn_ros2_ws': PYTHONPATH=/home/ayden/learn_ros2_ws/build/my_urdf_pkg/prefix_override:/home/ayden/learn_ros2_ws/install/my_urdf_pkg/lib/python3.10/site-packages:${PYTHONPATH} /usr/bin/python3 setup.py egg_info --egg-base build/my_urdf_pkg build --build-base /home/ayden/learn_ros2_ws/build/my_urdf_pkg/build install --record /home/ayden/learn_ros2_ws/build/my_urdf_pkg/install.log --single-version-externally-managed
[44.341s] DEBUG:colcon.colcon_core.event_handler.log_command:Invoked command in '/home/ayden/learn_ros2_ws' returned '1': PYTHONPATH=/home/ayden/learn_ros2_ws/build/my_urdf_pkg/prefix_override:/home/ayden/learn_ros2_ws/install/my_urdf_pkg/lib/python3.10/site-packages:${PYTHONPATH} /usr/bin/python3 setup.py egg_info --egg-base build/my_urdf_pkg build --build-base /home/ayden/learn_ros2_ws/build/my_urdf_pkg/build install --record /home/ayden/learn_ros2_ws/build/my_urdf_pkg/install.log --single-version-externally-managed
[44.350s] DEBUG:colcon.colcon_parallel_executor.executor.parallel:closing loop
[44.351s] DEBUG:colcon.colcon_parallel_executor.executor.parallel:loop closed
[44.351s] DEBUG:colcon.colcon_parallel_executor.executor.parallel:run_until_complete finished with '1'
[44.352s] DEBUG:colcon.colcon_core.event_reactor:joining thread
[45.387s] INFO:colcon.colcon_core.plugin_system:Skipping extension 'colcon_notification.desktop_notification.notify_send': Could not find 'notify-send'
[45.388s] INFO:colcon.colcon_core.plugin_system:Skipping extension 'colcon_notification.desktop_notification.terminal_notifier': Not used on non-Darwin systems
[45.388s] INFO:colcon.colcon_core.plugin_system:Skipping extension 'colcon_notification.desktop_notification.win32': Not used on non-Windows systems
[45.388s] INFO:colcon.colcon_notification.desktop_notification:Sending desktop notification using 'notify2'
[45.391s] DEBUG:colcon.colcon_notification.desktop_notification.notify2:Failed to initialize notify2: org.freedesktop.DBus.Error.ServiceUnknown: The name org.freedesktop.Notifications was not provided by any .service files
[45.391s] DEBUG:colcon.colcon_core.event_reactor:joined thread
[45.525s] INFO:colcon.colcon_core.shell:Creating prefix script '/home/ayden/learn_ros2_ws/install/local_setup.ps1'
[45.528s] INFO:colcon.colcon_core.shell:Creating prefix util module '/home/ayden/learn_ros2_ws/install/_local_setup_util_ps1.py'
[45.542s] INFO:colcon.colcon_core.shell:Creating prefix chain script '/home/ayden/learn_ros2_ws/install/setup.ps1'
[45.704s] INFO:colcon.colcon_core.shell:Creating prefix script '/home/ayden/learn_ros2_ws/install/local_setup.sh'
[45.706s] INFO:colcon.colcon_core.shell:Creating prefix util module '/home/ayden/learn_ros2_ws/install/_local_setup_util_sh.py'
[45.708s] INFO:colcon.colcon_core.shell:Creating prefix chain script '/home/ayden/learn_ros2_ws/install/setup.sh'
[45.895s] INFO:colcon.colcon_core.shell:Creating prefix script '/home/ayden/learn_ros2_ws/install/local_setup.bash'
[45.897s] INFO:colcon.colcon_core.shell:Creating prefix chain script '/home/ayden/learn_ros2_ws/install/setup.bash'
[46.088s] INFO:colcon.colcon_core.shell:Creating prefix script '/home/ayden/learn_ros2_ws/install/local_setup.zsh'
[46.089s] INFO:colcon.colcon_core.shell:Creating prefix chain script '/home/ayden/learn_ros2_ws/install/setup.zsh'
