[2.722s] DEBUG:colcon:Command line arguments: ['/usr/bin/colcon', 'build']
[2.723s] DEBUG:colcon:Parsed command line arguments: Namespace(log_base=None, log_level=None, verb_name='build', build_base='build', install_base='install', merge_install=False, symlink_install=False, test_result_base=None, continue_on_error=False, executor='parallel', parallel_workers=4, event_handlers=None, ignore_user_meta=False, metas=['./colcon.meta'], base_paths=['.'], packages_ignore=None, packages_ignore_regex=None, paths=None, packages_up_to=None, packages_up_to_regex=None, packages_above=None, packages_above_and_dependencies=None, packages_above_depth=None, packages_select_by_dep=None, packages_skip_by_dep=None, packages_skip_up_to=None, packages_select_build_failed=False, packages_skip_build_finished=False, packages_select_test_failures=False, packages_skip_test_passed=False, packages_select=None, packages_skip=None, packages_select_regex=None, packages_skip_regex=None, packages_start=None, packages_end=None, allow_overriding=[], cmake_args=None, cmake_target=None, cmake_target_skip_unavailable=False, cmake_clean_cache=False, cmake_clean_first=False, cmake_force_configure=False, ament_cmake_args=None, catkin_cmake_args=None, catkin_skip_building_tests=False, verb_parser=<colcon_defaults.argument_parser.defaults.DefaultArgumentsDecorator object at 0x7f494aa1c940>, verb_extension=<colcon_core.verb.build.BuildVerb object at 0x7f494aeb3e50>, main=<bound method BuildVerb.main of <colcon_core.verb.build.BuildVerb object at 0x7f494aeb3e50>>)
[2.856s] Level 1:colcon.colcon_core.package_discovery:discover_packages(colcon_meta) check parameters
[2.856s] Level 1:colcon.colcon_core.package_discovery:discover_packages(recursive) check parameters
[2.856s] Level 1:colcon.colcon_core.package_discovery:discover_packages(ignore) check parameters
[2.856s] Level 1:colcon.colcon_core.package_discovery:discover_packages(path) check parameters
[2.856s] Level 1:colcon.colcon_core.package_discovery:discover_packages(colcon_meta) discover
[2.857s] Level 1:colcon.colcon_core.package_discovery:discover_packages(recursive) discover
[2.857s] INFO:colcon.colcon_core.package_discovery:Crawling recursively for packages in '/home/ayden/learn_ros2_ws'
[2.857s] Level 1:colcon.colcon_core.package_identification:_identify(.) by extensions ['ignore', 'ignore_ament_install']
[2.857s] Level 1:colcon.colcon_core.package_identification:_identify(.) by extension 'ignore'
[2.857s] Level 1:colcon.colcon_core.package_identification:_identify(.) by extension 'ignore_ament_install'
[2.857s] Level 1:colcon.colcon_core.package_identification:_identify(.) by extensions ['colcon_pkg']
[2.857s] Level 1:colcon.colcon_core.package_identification:_identify(.) by extension 'colcon_pkg'
[2.858s] Level 1:colcon.colcon_core.package_identification:_identify(.) by extensions ['colcon_meta']
[2.858s] Level 1:colcon.colcon_core.package_identification:_identify(.) by extension 'colcon_meta'
[2.858s] Level 1:colcon.colcon_core.package_identification:_identify(.) by extensions ['ros']
[2.858s] Level 1:colcon.colcon_core.package_identification:_identify(.) by extension 'ros'
[2.886s] Level 1:colcon.colcon_core.package_identification:_identify(.) by extensions ['cmake', 'python']
[2.886s] Level 1:colcon.colcon_core.package_identification:_identify(.) by extension 'cmake'
[2.886s] Level 1:colcon.colcon_core.package_identification:_identify(.) by extension 'python'
[2.886s] Level 1:colcon.colcon_core.package_identification:_identify(.) by extensions ['python_setup_py']
[2.886s] Level 1:colcon.colcon_core.package_identification:_identify(.) by extension 'python_setup_py'
[2.886s] Level 1:colcon.colcon_core.package_identification:_identify(build) by extensions ['ignore', 'ignore_ament_install']
[2.886s] Level 1:colcon.colcon_core.package_identification:_identify(build) by extension 'ignore'
[2.886s] Level 1:colcon.colcon_core.package_identification:_identify(build) ignored
[2.887s] Level 1:colcon.colcon_core.package_identification:_identify(install) by extensions ['ignore', 'ignore_ament_install']
[2.887s] Level 1:colcon.colcon_core.package_identification:_identify(install) by extension 'ignore'
[2.887s] Level 1:colcon.colcon_core.package_identification:_identify(install) ignored
[2.888s] Level 1:colcon.colcon_core.package_identification:_identify(log) by extensions ['ignore', 'ignore_ament_install']
[2.888s] Level 1:colcon.colcon_core.package_identification:_identify(log) by extension 'ignore'
[2.888s] Level 1:colcon.colcon_core.package_identification:_identify(log) ignored
[2.888s] Level 1:colcon.colcon_core.package_identification:_identify(src) by extensions ['ignore', 'ignore_ament_install']
[2.888s] Level 1:colcon.colcon_core.package_identification:_identify(src) by extension 'ignore'
[2.889s] Level 1:colcon.colcon_core.package_identification:_identify(src) by extension 'ignore_ament_install'
[2.889s] Level 1:colcon.colcon_core.package_identification:_identify(src) by extensions ['colcon_pkg']
[2.889s] Level 1:colcon.colcon_core.package_identification:_identify(src) by extension 'colcon_pkg'
[2.889s] Level 1:colcon.colcon_core.package_identification:_identify(src) by extensions ['colcon_meta']
[2.889s] Level 1:colcon.colcon_core.package_identification:_identify(src) by extension 'colcon_meta'
[2.889s] Level 1:colcon.colcon_core.package_identification:_identify(src) by extensions ['ros']
[2.889s] Level 1:colcon.colcon_core.package_identification:_identify(src) by extension 'ros'
[2.890s] Level 1:colcon.colcon_core.package_identification:_identify(src) by extensions ['cmake', 'python']
[2.890s] Level 1:colcon.colcon_core.package_identification:_identify(src) by extension 'cmake'
[2.890s] Level 1:colcon.colcon_core.package_identification:_identify(src) by extension 'python'
[2.890s] Level 1:colcon.colcon_core.package_identification:_identify(src) by extensions ['python_setup_py']
[2.890s] Level 1:colcon.colcon_core.package_identification:_identify(src) by extension 'python_setup_py'
[2.891s] Level 1:colcon.colcon_core.package_identification:_identify(src/my_urdf_pkg) by extensions ['ignore', 'ignore_ament_install']
[2.891s] Level 1:colcon.colcon_core.package_identification:_identify(src/my_urdf_pkg) by extension 'ignore'
[2.891s] Level 1:colcon.colcon_core.package_identification:_identify(src/my_urdf_pkg) by extension 'ignore_ament_install'
[2.891s] Level 1:colcon.colcon_core.package_identification:_identify(src/my_urdf_pkg) by extensions ['colcon_pkg']
[2.891s] Level 1:colcon.colcon_core.package_identification:_identify(src/my_urdf_pkg) by extension 'colcon_pkg'
[2.891s] Level 1:colcon.colcon_core.package_identification:_identify(src/my_urdf_pkg) by extensions ['colcon_meta']
[2.891s] Level 1:colcon.colcon_core.package_identification:_identify(src/my_urdf_pkg) by extension 'colcon_meta'
[2.892s] Level 1:colcon.colcon_core.package_identification:_identify(src/my_urdf_pkg) by extensions ['ros']
[2.892s] Level 1:colcon.colcon_core.package_identification:_identify(src/my_urdf_pkg) by extension 'ros'
[2.897s] DEBUG:colcon.colcon_core.package_identification:Package 'src/my_urdf_pkg' with type 'ros.ament_cmake' and name 'my_urdf_pkg'
[2.897s] Level 1:colcon.colcon_core.package_discovery:discover_packages(recursive) using defaults
[2.897s] Level 1:colcon.colcon_core.package_discovery:discover_packages(ignore) discover
[2.898s] Level 1:colcon.colcon_core.package_discovery:discover_packages(ignore) using defaults
[2.898s] Level 1:colcon.colcon_core.package_discovery:discover_packages(path) discover
[2.898s] Level 1:colcon.colcon_core.package_discovery:discover_packages(path) using defaults
[3.223s] Level 1:colcon.colcon_core.package_discovery:discover_packages(prefix_path) check parameters
[3.224s] Level 1:colcon.colcon_core.package_discovery:discover_packages(prefix_path) discover
[3.306s] DEBUG:colcon.colcon_installed_package_information.package_discovery:Found 1 installed packages in /home/ayden/ros2_ws/install
[3.356s] DEBUG:colcon.colcon_installed_package_information.package_discovery:Found 1 installed packages in /home/ayden/science_fair_ws/install
[3.394s] DEBUG:colcon.colcon_installed_package_information.package_discovery:Found 380 installed packages in /opt/ros/humble
[3.397s] Level 1:colcon.colcon_core.package_discovery:discover_packages(prefix_path) using defaults
[3.645s] Level 5:colcon.colcon_core.verb:set package 'my_urdf_pkg' build argument 'cmake_args' from command line to 'None'
[3.645s] Level 5:colcon.colcon_core.verb:set package 'my_urdf_pkg' build argument 'cmake_target' from command line to 'None'
[3.645s] Level 5:colcon.colcon_core.verb:set package 'my_urdf_pkg' build argument 'cmake_target_skip_unavailable' from command line to 'False'
[3.645s] Level 5:colcon.colcon_core.verb:set package 'my_urdf_pkg' build argument 'cmake_clean_cache' from command line to 'False'
[3.645s] Level 5:colcon.colcon_core.verb:set package 'my_urdf_pkg' build argument 'cmake_clean_first' from command line to 'False'
[3.645s] Level 5:colcon.colcon_core.verb:set package 'my_urdf_pkg' build argument 'cmake_force_configure' from command line to 'False'
[3.645s] Level 5:colcon.colcon_core.verb:set package 'my_urdf_pkg' build argument 'ament_cmake_args' from command line to 'None'
[3.645s] Level 5:colcon.colcon_core.verb:set package 'my_urdf_pkg' build argument 'catkin_cmake_args' from command line to 'None'
[3.645s] Level 5:colcon.colcon_core.verb:set package 'my_urdf_pkg' build argument 'catkin_skip_building_tests' from command line to 'False'
[3.645s] DEBUG:colcon.colcon_core.verb:Building package 'my_urdf_pkg' with the following arguments: {'ament_cmake_args': None, 'build_base': '/home/ayden/learn_ros2_ws/build/my_urdf_pkg', 'catkin_cmake_args': None, 'catkin_skip_building_tests': False, 'cmake_args': None, 'cmake_clean_cache': False, 'cmake_clean_first': False, 'cmake_force_configure': False, 'cmake_target': None, 'cmake_target_skip_unavailable': False, 'install_base': '/home/ayden/learn_ros2_ws/install/my_urdf_pkg', 'merge_install': False, 'path': '/home/ayden/learn_ros2_ws/src/my_urdf_pkg', 'symlink_install': False, 'test_result_base': None}
[3.679s] INFO:colcon.colcon_core.executor:Executing jobs using 'parallel' executor
[3.721s] DEBUG:colcon.colcon_parallel_executor.executor.parallel:run_until_complete
[3.723s] INFO:colcon.colcon_ros.task.ament_cmake.build:Building ROS package in '/home/ayden/learn_ros2_ws/src/my_urdf_pkg' with build type 'ament_cmake'
[3.723s] INFO:colcon.colcon_cmake.task.cmake.build:Building CMake package in '/home/ayden/learn_ros2_ws/src/my_urdf_pkg'
[3.767s] INFO:colcon.colcon_core.plugin_system:Skipping extension 'colcon_core.shell.bat': Not used on non-Windows systems
[3.768s] INFO:colcon.colcon_core.shell:Skip shell extension 'powershell' for command environment: Not usable outside of PowerShell
[3.768s] DEBUG:colcon.colcon_core.shell:Skip shell extension 'dsv' for command environment
[3.930s] DEBUG:colcon.colcon_core.event_handler.log_command:Invoking command in '/home/ayden/learn_ros2_ws/build/my_urdf_pkg': CMAKE_PREFIX_PATH=/home/ayden/science_fair_ws/install/vine_robot:/home/ayden/ros2_ws/install/my_robot_controller:/opt/ros/humble /usr/bin/cmake /home/ayden/learn_ros2_ws/src/my_urdf_pkg -DCMAKE_INSTALL_PREFIX=/home/ayden/learn_ros2_ws/install/my_urdf_pkg
[6.481s] DEBUG:colcon.colcon_core.event_handler.log_command:Invoked command in '/home/ayden/learn_ros2_ws/build/my_urdf_pkg' returned '0': CMAKE_PREFIX_PATH=/home/ayden/science_fair_ws/install/vine_robot:/home/ayden/ros2_ws/install/my_robot_controller:/opt/ros/humble /usr/bin/cmake /home/ayden/learn_ros2_ws/src/my_urdf_pkg -DCMAKE_INSTALL_PREFIX=/home/ayden/learn_ros2_ws/install/my_urdf_pkg
[6.483s] DEBUG:colcon.colcon_core.event_handler.log_command:Invoking command in '/home/ayden/learn_ros2_ws/build/my_urdf_pkg': CMAKE_PREFIX_PATH=/home/ayden/science_fair_ws/install/vine_robot:/home/ayden/ros2_ws/install/my_robot_controller:/opt/ros/humble /usr/bin/cmake --build /home/ayden/learn_ros2_ws/build/my_urdf_pkg -- -j4 -l4
[6.766s] DEBUG:colcon.colcon_core.event_handler.log_command:Invoked command in '/home/ayden/learn_ros2_ws/build/my_urdf_pkg' returned '0': CMAKE_PREFIX_PATH=/home/ayden/science_fair_ws/install/vine_robot:/home/ayden/ros2_ws/install/my_robot_controller:/opt/ros/humble /usr/bin/cmake --build /home/ayden/learn_ros2_ws/build/my_urdf_pkg -- -j4 -l4
[6.809s] DEBUG:colcon.colcon_core.event_handler.log_command:Invoking command in '/home/ayden/learn_ros2_ws/build/my_urdf_pkg': CMAKE_PREFIX_PATH=/home/ayden/science_fair_ws/install/vine_robot:/home/ayden/ros2_ws/install/my_robot_controller:/opt/ros/humble /usr/bin/cmake --install /home/ayden/learn_ros2_ws/build/my_urdf_pkg
[6.832s] Level 1:colcon.colcon_core.environment:create_environment_scripts_only(my_urdf_pkg)
[6.834s] DEBUG:colcon.colcon_core.event_handler.log_command:Invoked command in '/home/ayden/learn_ros2_ws/build/my_urdf_pkg' returned '0': CMAKE_PREFIX_PATH=/home/ayden/science_fair_ws/install/vine_robot:/home/ayden/ros2_ws/install/my_robot_controller:/opt/ros/humble /usr/bin/cmake --install /home/ayden/learn_ros2_ws/build/my_urdf_pkg
[6.877s] Level 1:colcon.colcon_core.environment:checking '/home/ayden/learn_ros2_ws/install/my_urdf_pkg' for CMake module files
[6.878s] Level 1:colcon.colcon_core.environment:checking '/home/ayden/learn_ros2_ws/install/my_urdf_pkg' for CMake config files
[6.878s] Level 1:colcon.colcon_core.shell:create_environment_hook('my_urdf_pkg', 'cmake_prefix_path')
[6.913s] INFO:colcon.colcon_core.shell:Creating environment hook '/home/ayden/learn_ros2_ws/install/my_urdf_pkg/share/my_urdf_pkg/hook/cmake_prefix_path.ps1'
[6.915s] INFO:colcon.colcon_core.shell:Creating environment descriptor '/home/ayden/learn_ros2_ws/install/my_urdf_pkg/share/my_urdf_pkg/hook/cmake_prefix_path.dsv'
[6.916s] INFO:colcon.colcon_core.shell:Creating environment hook '/home/ayden/learn_ros2_ws/install/my_urdf_pkg/share/my_urdf_pkg/hook/cmake_prefix_path.sh'
[6.918s] Level 1:colcon.colcon_core.environment:checking '/home/ayden/learn_ros2_ws/install/my_urdf_pkg/lib'
[6.918s] Level 1:colcon.colcon_core.environment:checking '/home/ayden/learn_ros2_ws/install/my_urdf_pkg/bin'
[6.918s] Level 1:colcon.colcon_core.environment:checking '/home/ayden/learn_ros2_ws/install/my_urdf_pkg/lib/pkgconfig/my_urdf_pkg.pc'
[6.918s] Level 1:colcon.colcon_core.environment:checking '/home/ayden/learn_ros2_ws/install/my_urdf_pkg/lib/python3.10/site-packages'
[6.919s] Level 1:colcon.colcon_core.environment:checking '/home/ayden/learn_ros2_ws/install/my_urdf_pkg/bin'
[6.954s] INFO:colcon.colcon_core.shell:Creating package script '/home/ayden/learn_ros2_ws/install/my_urdf_pkg/share/my_urdf_pkg/package.ps1'
[6.956s] INFO:colcon.colcon_core.shell:Creating package descriptor '/home/ayden/learn_ros2_ws/install/my_urdf_pkg/share/my_urdf_pkg/package.dsv'
[6.957s] INFO:colcon.colcon_core.shell:Creating package script '/home/ayden/learn_ros2_ws/install/my_urdf_pkg/share/my_urdf_pkg/package.sh'
[6.958s] INFO:colcon.colcon_core.shell:Creating package script '/home/ayden/learn_ros2_ws/install/my_urdf_pkg/share/my_urdf_pkg/package.bash'
[6.960s] INFO:colcon.colcon_core.shell:Creating package script '/home/ayden/learn_ros2_ws/install/my_urdf_pkg/share/my_urdf_pkg/package.zsh'
[6.962s] Level 1:colcon.colcon_core.environment:create_file_with_runtime_dependencies(/home/ayden/learn_ros2_ws/install/my_urdf_pkg/share/colcon-core/packages/my_urdf_pkg)
[7.032s] Level 1:colcon.colcon_core.environment:create_environment_scripts_only(my_urdf_pkg)
[7.067s] Level 1:colcon.colcon_core.environment:checking '/home/ayden/learn_ros2_ws/install/my_urdf_pkg' for CMake module files
[7.068s] Level 1:colcon.colcon_core.environment:checking '/home/ayden/learn_ros2_ws/install/my_urdf_pkg' for CMake config files
[7.069s] Level 1:colcon.colcon_core.shell:create_environment_hook('my_urdf_pkg', 'cmake_prefix_path')
[7.117s] INFO:colcon.colcon_core.shell:Creating environment hook '/home/ayden/learn_ros2_ws/install/my_urdf_pkg/share/my_urdf_pkg/hook/cmake_prefix_path.ps1'
[7.119s] INFO:colcon.colcon_core.shell:Creating environment descriptor '/home/ayden/learn_ros2_ws/install/my_urdf_pkg/share/my_urdf_pkg/hook/cmake_prefix_path.dsv'
[7.119s] INFO:colcon.colcon_core.shell:Creating environment hook '/home/ayden/learn_ros2_ws/install/my_urdf_pkg/share/my_urdf_pkg/hook/cmake_prefix_path.sh'
[7.121s] Level 1:colcon.colcon_core.environment:checking '/home/ayden/learn_ros2_ws/install/my_urdf_pkg/lib'
[7.122s] Level 1:colcon.colcon_core.environment:checking '/home/ayden/learn_ros2_ws/install/my_urdf_pkg/bin'
[7.122s] Level 1:colcon.colcon_core.environment:checking '/home/ayden/learn_ros2_ws/install/my_urdf_pkg/lib/pkgconfig/my_urdf_pkg.pc'
[7.123s] Level 1:colcon.colcon_core.environment:checking '/home/ayden/learn_ros2_ws/install/my_urdf_pkg/lib/python3.10/site-packages'
[7.123s] Level 1:colcon.colcon_core.environment:checking '/home/ayden/learn_ros2_ws/install/my_urdf_pkg/bin'
[7.179s] INFO:colcon.colcon_core.shell:Creating package script '/home/ayden/learn_ros2_ws/install/my_urdf_pkg/share/my_urdf_pkg/package.ps1'
[7.180s] INFO:colcon.colcon_core.shell:Creating package descriptor '/home/ayden/learn_ros2_ws/install/my_urdf_pkg/share/my_urdf_pkg/package.dsv'
[7.181s] INFO:colcon.colcon_core.shell:Creating package script '/home/ayden/learn_ros2_ws/install/my_urdf_pkg/share/my_urdf_pkg/package.sh'
[7.181s] INFO:colcon.colcon_core.shell:Creating package script '/home/ayden/learn_ros2_ws/install/my_urdf_pkg/share/my_urdf_pkg/package.bash'
[7.182s] INFO:colcon.colcon_core.shell:Creating package script '/home/ayden/learn_ros2_ws/install/my_urdf_pkg/share/my_urdf_pkg/package.zsh'
[7.182s] Level 1:colcon.colcon_core.environment:create_file_with_runtime_dependencies(/home/ayden/learn_ros2_ws/install/my_urdf_pkg/share/colcon-core/packages/my_urdf_pkg)
[7.183s] DEBUG:colcon.colcon_parallel_executor.executor.parallel:closing loop
[7.184s] DEBUG:colcon.colcon_parallel_executor.executor.parallel:loop closed
[7.184s] DEBUG:colcon.colcon_parallel_executor.executor.parallel:run_until_complete finished with '0'
[7.185s] DEBUG:colcon.colcon_core.event_reactor:joining thread
[7.289s] INFO:colcon.colcon_core.plugin_system:Skipping extension 'colcon_notification.desktop_notification.notify_send': Could not find 'notify-send'
[7.289s] INFO:colcon.colcon_core.plugin_system:Skipping extension 'colcon_notification.desktop_notification.terminal_notifier': Not used on non-Darwin systems
[7.289s] INFO:colcon.colcon_core.plugin_system:Skipping extension 'colcon_notification.desktop_notification.win32': Not used on non-Windows systems
[7.289s] INFO:colcon.colcon_notification.desktop_notification:Sending desktop notification using 'notify2'
[7.298s] DEBUG:colcon.colcon_notification.desktop_notification.notify2:Failed to initialize notify2: org.freedesktop.DBus.Error.ServiceUnknown: The name org.freedesktop.Notifications was not provided by any .service files
[7.298s] DEBUG:colcon.colcon_core.event_reactor:joined thread
[7.342s] INFO:colcon.colcon_core.shell:Creating prefix script '/home/ayden/learn_ros2_ws/install/local_setup.ps1'
[7.344s] INFO:colcon.colcon_core.shell:Creating prefix util module '/home/ayden/learn_ros2_ws/install/_local_setup_util_ps1.py'
[7.348s] INFO:colcon.colcon_core.shell:Creating prefix chain script '/home/ayden/learn_ros2_ws/install/setup.ps1'
[7.389s] INFO:colcon.colcon_core.shell:Creating prefix script '/home/ayden/learn_ros2_ws/install/local_setup.sh'
[7.390s] INFO:colcon.colcon_core.shell:Creating prefix util module '/home/ayden/learn_ros2_ws/install/_local_setup_util_sh.py'
[7.391s] INFO:colcon.colcon_core.shell:Creating prefix chain script '/home/ayden/learn_ros2_ws/install/setup.sh'
[7.496s] INFO:colcon.colcon_core.shell:Creating prefix script '/home/ayden/learn_ros2_ws/install/local_setup.bash'
[7.498s] INFO:colcon.colcon_core.shell:Creating prefix chain script '/home/ayden/learn_ros2_ws/install/setup.bash'
[7.542s] INFO:colcon.colcon_core.shell:Creating prefix script '/home/ayden/learn_ros2_ws/install/local_setup.zsh'
[7.543s] INFO:colcon.colcon_core.shell:Creating prefix chain script '/home/ayden/learn_ros2_ws/install/setup.zsh'
