[3.893s] Invoking command in '/home/bravenderbros/ros2_ws/src/my_urdf_pkg': PYTHONPATH=/home/bravenderbros/ros2_ws/build/my_urdf_pkg/prefix_override:/home/bravenderbros/ros2_ws/install/my_urdf_pkg/lib/python3.10/site-packages:${PYTHONPATH} /usr/bin/python3 setup.py egg_info --egg-base ../../build/my_urdf_pkg build --build-base /home/bravenderbros/ros2_ws/build/my_urdf_pkg/build install --record /home/bravenderbros/ros2_ws/build/my_urdf_pkg/install.log --single-version-externally-managed
[5.198s] running egg_info
[5.202s] writing ../../build/my_urdf_pkg/my_urdf_pkg.egg-info/PKG-INFO
[5.204s] writing dependency_links to ../../build/my_urdf_pkg/my_urdf_pkg.egg-info/dependency_links.txt
[5.205s] writing entry points to ../../build/my_urdf_pkg/my_urdf_pkg.egg-info/entry_points.txt
[5.206s] writing requirements to ../../build/my_urdf_pkg/my_urdf_pkg.egg-info/requires.txt
[5.207s] writing top-level names to ../../build/my_urdf_pkg/my_urdf_pkg.egg-info/top_level.txt
[5.216s] reading manifest file '../../build/my_urdf_pkg/my_urdf_pkg.egg-info/SOURCES.txt'
[5.223s] writing manifest file '../../build/my_urdf_pkg/my_urdf_pkg.egg-info/SOURCES.txt'
[5.227s] running build
[5.228s] running build_py
[5.228s] running install
[5.229s] running install_lib
[5.233s] running install_data
[5.236s] running install_egg_info
[5.244s] removing '/home/bravenderbros/ros2_ws/install/my_urdf_pkg/lib/python3.10/site-packages/my_urdf_pkg-0.0.0-py3.10.egg-info' (and everything under it)
[5.247s] Copying ../../build/my_urdf_pkg/my_urdf_pkg.egg-info to /home/bravenderbros/ros2_ws/install/my_urdf_pkg/lib/python3.10/site-packages/my_urdf_pkg-0.0.0-py3.10.egg-info
[5.252s] running install_scripts
[5.335s] writing list of installed files to '/home/bravenderbros/ros2_ws/build/my_urdf_pkg/install.log'
[5.472s] Invoked command in '/home/bravenderbros/ros2_ws/src/my_urdf_pkg' returned '0': PYTHONPATH=/home/bravenderbros/ros2_ws/build/my_urdf_pkg/prefix_override:/home/bravenderbros/ros2_ws/install/my_urdf_pkg/lib/python3.10/site-packages:${PYTHONPATH} /usr/bin/python3 setup.py egg_info --egg-base ../../build/my_urdf_pkg build --build-base /home/bravenderbros/ros2_ws/build/my_urdf_pkg/build install --record /home/bravenderbros/ros2_ws/build/my_urdf_pkg/install.log --single-version-externally-managed
