-- Found ament_cmake: 1.3.5 (/opt/ros/humble/share/ament_cmake/cmake)
-- Found rclcpp: 16.0.6 (/opt/ros/humble/share/rclcpp/cmake)
-- Found rosidl_generator_c: 3.1.5 (/opt/ros/humble/share/rosidl_generator_c/cmake)
-- Found rosidl_adapter: 3.1.5 (/opt/ros/humble/share/rosidl_adapter/cmake)
-- Found rosidl_generator_cpp: 3.1.5 (/opt/ros/humble/share/rosidl_generator_cpp/cmake)
-- Using all available rosidl_typesupport_c: rosidl_typesupport_fastrtps_c;rosidl_typesupport_introspection_c
-- Using all available rosidl_typesupport_cpp: rosidl_typesupport_fastrtps_cpp;rosidl_typesupport_introspection_cpp
-- Found rmw_implementation_cmake: 6.1.1 (/opt/ros/humble/share/rmw_implementation_cmake/cmake)
-- Found rmw_cyclonedds_cpp: 1.3.4 (/opt/ros/humble/share/rmw_cyclonedds_cpp/cmake)
-- Using RMW implementation 'rmw_cyclonedds_cpp' as default
-- Found sensor_msgs: 4.2.3 (/opt/ros/humble/share/sensor_msgs/cmake)
-- Found ament_lint_auto: 0.12.8 (/opt/ros/humble/share/ament_lint_auto/cmake)
-- Added test 'cppcheck' to perform static code analysis on C / C++ code
-- Configured cppcheck include dirs: $<BUILD_INTERFACE:/home/ayden/learn_ros2_ws/src/my_urdf_pkg/include>
-- Configured cppcheck exclude dirs and/or files: 
-- Added test 'flake8' to check Python code syntax and style conventions
-- Added test 'lint_cmake' to check CMake code style
-- Added test 'pep257' to check Python code against some of the docstring style conventions in PEP 257
-- Added test 'uncrustify' to check C / C++ code style
-- Configured uncrustify additional arguments: 
-- Added test 'xmllint' to check XML markup files
-- Configuring done
-- Generating done
-- Build files have been written to: /home/ayden/learn_ros2_ws/build/my_urdf_pkg
[35m[1mConsolidate compiler generated dependencies of target my_node[0m
[ 50%] [32mBuilding CXX object CMakeFiles/my_node.dir/src/my_node.cpp.o[0m
[100%] [32m[1mLinking CXX executable my_node[0m
[100%] Built target my_node
-- Install configuration: ""
-- Installing: /home/ayden/learn_ros2_ws/install/my_urdf_pkg/lib/my_urdf_pkg/my_node
-- Set runtime path of "/home/ayden/learn_ros2_ws/install/my_urdf_pkg/lib/my_urdf_pkg/my_node" to ""
-- Up-to-date: /home/ayden/learn_ros2_ws/install/my_urdf_pkg/share/ament_index/resource_index/package_run_dependencies/my_urdf_pkg
-- Up-to-date: /home/ayden/learn_ros2_ws/install/my_urdf_pkg/share/ament_index/resource_index/parent_prefix_path/my_urdf_pkg
-- Up-to-date: /home/ayden/learn_ros2_ws/install/my_urdf_pkg/share/my_urdf_pkg/environment/ament_prefix_path.sh
-- Installing: /home/ayden/learn_ros2_ws/install/my_urdf_pkg/share/my_urdf_pkg/environment/ament_prefix_path.dsv
-- Up-to-date: /home/ayden/learn_ros2_ws/install/my_urdf_pkg/share/my_urdf_pkg/environment/path.sh
-- Installing: /home/ayden/learn_ros2_ws/install/my_urdf_pkg/share/my_urdf_pkg/environment/path.dsv
-- Up-to-date: /home/ayden/learn_ros2_ws/install/my_urdf_pkg/share/my_urdf_pkg/local_setup.bash
-- Up-to-date: /home/ayden/learn_ros2_ws/install/my_urdf_pkg/share/my_urdf_pkg/local_setup.sh
-- Up-to-date: /home/ayden/learn_ros2_ws/install/my_urdf_pkg/share/my_urdf_pkg/local_setup.zsh
-- Installing: /home/ayden/learn_ros2_ws/install/my_urdf_pkg/share/my_urdf_pkg/local_setup.dsv
-- Installing: /home/ayden/learn_ros2_ws/install/my_urdf_pkg/share/my_urdf_pkg/package.dsv
-- Up-to-date: /home/ayden/learn_ros2_ws/install/my_urdf_pkg/share/ament_index/resource_index/packages/my_urdf_pkg
-- Up-to-date: /home/ayden/learn_ros2_ws/install/my_urdf_pkg/share/my_urdf_pkg/cmake/my_urdf_pkgConfig.cmake
-- Up-to-date: /home/ayden/learn_ros2_ws/install/my_urdf_pkg/share/my_urdf_pkg/cmake/my_urdf_pkgConfig-version.cmake
-- Up-to-date: /home/ayden/learn_ros2_ws/install/my_urdf_pkg/share/my_urdf_pkg/package.xml
