[0.668s] Invoking command in '/home/ayden/learn_ros2_ws/build/my_urdf_pkg': CMAKE_PREFIX_PATH=${CMAKE_PREFIX_PATH}:/home/ayden/science_fair_ws/install/vine_robot:/home/ayden/ros2_ws/install/my_robot_controller:/opt/ros/humble /usr/bin/cmake --build /home/ayden/learn_ros2_ws/build/my_urdf_pkg -- -j4 -l4
[0.800s] [35m[1mConsolidate compiler generated dependencies of target my_node[0m
[0.874s] [100%] Built target my_node
[0.896s] Invoked command in '/home/ayden/learn_ros2_ws/build/my_urdf_pkg' returned '0': CMAKE_PREFIX_PATH=${CMAKE_PREFIX_PATH}:/home/ayden/science_fair_ws/install/vine_robot:/home/ayden/ros2_ws/install/my_robot_controller:/opt/ros/humble /usr/bin/cmake --build /home/ayden/learn_ros2_ws/build/my_urdf_pkg -- -j4 -l4
[0.960s] Invoking command in '/home/ayden/learn_ros2_ws/build/my_urdf_pkg': CMAKE_PREFIX_PATH=${CMAKE_PREFIX_PATH}:/home/ayden/science_fair_ws/install/vine_robot:/home/ayden/ros2_ws/install/my_robot_controller:/opt/ros/humble /usr/bin/cmake --install /home/ayden/learn_ros2_ws/build/my_urdf_pkg
[0.975s] -- Install configuration: ""
[0.975s] -- Up-to-date: /home/ayden/learn_ros2_ws/install/my_urdf_pkg/lib/my_urdf_pkg/my_node
[0.976s] -- Up-to-date: /home/ayden/learn_ros2_ws/install/my_urdf_pkg/share/ament_index/resource_index/package_run_dependencies/my_urdf_pkg
[0.976s] -- Up-to-date: /home/ayden/learn_ros2_ws/install/my_urdf_pkg/share/ament_index/resource_index/parent_prefix_path/my_urdf_pkg
[0.977s] -- Up-to-date: /home/ayden/learn_ros2_ws/install/my_urdf_pkg/share/my_urdf_pkg/environment/ament_prefix_path.sh
[0.977s] -- Up-to-date: /home/ayden/learn_ros2_ws/install/my_urdf_pkg/share/my_urdf_pkg/environment/ament_prefix_path.dsv
[0.978s] -- Up-to-date: /home/ayden/learn_ros2_ws/install/my_urdf_pkg/share/my_urdf_pkg/environment/path.sh
[0.978s] -- Up-to-date: /home/ayden/learn_ros2_ws/install/my_urdf_pkg/share/my_urdf_pkg/environment/path.dsv
[0.978s] -- Up-to-date: /home/ayden/learn_ros2_ws/install/my_urdf_pkg/share/my_urdf_pkg/local_setup.bash
[0.979s] -- Up-to-date: /home/ayden/learn_ros2_ws/install/my_urdf_pkg/share/my_urdf_pkg/local_setup.sh
[0.979s] -- Up-to-date: /home/ayden/learn_ros2_ws/install/my_urdf_pkg/share/my_urdf_pkg/local_setup.zsh
[0.980s] -- Up-to-date: /home/ayden/learn_ros2_ws/install/my_urdf_pkg/share/my_urdf_pkg/local_setup.dsv
[0.980s] -- Installing: /home/ayden/learn_ros2_ws/install/my_urdf_pkg/share/my_urdf_pkg/package.dsv
[0.980s] -- Up-to-date: /home/ayden/learn_ros2_ws/install/my_urdf_pkg/share/ament_index/resource_index/packages/my_urdf_pkg
[0.980s] -- Up-to-date: /home/ayden/learn_ros2_ws/install/my_urdf_pkg/share/my_urdf_pkg/cmake/my_urdf_pkgConfig.cmake
[0.981s] -- Up-to-date: /home/ayden/learn_ros2_ws/install/my_urdf_pkg/share/my_urdf_pkg/cmake/my_urdf_pkgConfig-version.cmake
[0.981s] -- Up-to-date: /home/ayden/learn_ros2_ws/install/my_urdf_pkg/share/my_urdf_pkg/package.xml
[0.986s] Invoked command in '/home/ayden/learn_ros2_ws/build/my_urdf_pkg' returned '0': CMAKE_PREFIX_PATH=${CMAKE_PREFIX_PATH}:/home/ayden/science_fair_ws/install/vine_robot:/home/ayden/ros2_ws/install/my_robot_controller:/opt/ros/humble /usr/bin/cmake --install /home/ayden/learn_ros2_ws/build/my_urdf_pkg
