-- The C compiler identification is GNU 11.4.0
-- The CXX compiler identification is GNU 11.4.0
-- Detecting C compiler ABI info
-- Detecting C compiler ABI info - done
-- Check for working C compiler: /usr/bin/cc - skipped
-- Detecting C compile features
-- Detecting C compile features - done
-- Detecting CXX compiler ABI info
-- Detecting CXX compiler ABI info - done
-- Check for working CXX compiler: /usr/bin/c++ - skipped
-- Detecting CXX compile features
-- Detecting CXX compile features - done
-- Found ament_cmake: 1.3.5 (/opt/ros/humble/share/ament_cmake/cmake)
-- Found Python3: /usr/bin/python3.10 (found version "3.10.12") found components: Interpreter 
-- Found ament_lint_auto: 0.12.8 (/opt/ros/humble/share/ament_lint_auto/cmake)
-- Added test 'cppcheck' to perform static code analysis on C / C++ code
-- Configured cppcheck include dirs: $<BUILD_INTERFACE:/home/ayden/learn_ros2_ws/src/my_urdf_pkg/include>
-- Configured cppcheck exclude dirs and/or files: 
-- Added test 'lint_cmake' to check CMake code style
-- Added test 'uncrustify' to check C / C++ code style
-- Configured uncrustify additional arguments: 
-- Added test 'xmllint' to check XML markup files
-- Configuring done
-- Generating done
-- Build files have been written to: /home/ayden/learn_ros2_ws/build/my_urdf_pkg
[ 50%] [32mBuilding CXX object CMakeFiles/my_node.dir/src/my_node.cpp.o[0m
[100%] [32m[1mLinking CXX executable my_node[0m
[100%] Built target my_node
-- Install configuration: ""
-- Installing: /home/ayden/learn_ros2_ws/install/my_urdf_pkg/lib/my_urdf_pkg/my_node
-- Installing: /home/ayden/learn_ros2_ws/install/my_urdf_pkg/share/ament_index/resource_index/package_run_dependencies/my_urdf_pkg
-- Installing: /home/ayden/learn_ros2_ws/install/my_urdf_pkg/share/ament_index/resource_index/parent_prefix_path/my_urdf_pkg
-- Installing: /home/ayden/learn_ros2_ws/install/my_urdf_pkg/share/my_urdf_pkg/environment/ament_prefix_path.sh
-- Installing: /home/ayden/learn_ros2_ws/install/my_urdf_pkg/share/my_urdf_pkg/environment/ament_prefix_path.dsv
-- Installing: /home/ayden/learn_ros2_ws/install/my_urdf_pkg/share/my_urdf_pkg/environment/path.sh
-- Installing: /home/ayden/learn_ros2_ws/install/my_urdf_pkg/share/my_urdf_pkg/environment/path.dsv
-- Installing: /home/ayden/learn_ros2_ws/install/my_urdf_pkg/share/my_urdf_pkg/local_setup.bash
-- Installing: /home/ayden/learn_ros2_ws/install/my_urdf_pkg/share/my_urdf_pkg/local_setup.sh
-- Installing: /home/ayden/learn_ros2_ws/install/my_urdf_pkg/share/my_urdf_pkg/local_setup.zsh
-- Installing: /home/ayden/learn_ros2_ws/install/my_urdf_pkg/share/my_urdf_pkg/local_setup.dsv
-- Installing: /home/ayden/learn_ros2_ws/install/my_urdf_pkg/share/my_urdf_pkg/package.dsv
-- Installing: /home/ayden/learn_ros2_ws/install/my_urdf_pkg/share/ament_index/resource_index/packages/my_urdf_pkg
-- Installing: /home/ayden/learn_ros2_ws/install/my_urdf_pkg/share/my_urdf_pkg/cmake/my_urdf_pkgConfig.cmake
-- Installing: /home/ayden/learn_ros2_ws/install/my_urdf_pkg/share/my_urdf_pkg/cmake/my_urdf_pkgConfig-version.cmake
-- Installing: /home/ayden/learn_ros2_ws/install/my_urdf_pkg/share/my_urdf_pkg/package.xml
