[2.603s] DEBUG:colcon:Command line arguments: ['/usr/bin/colcon', 'build']
[2.603s] DEBUG:colcon:Parsed command line arguments: Namespace(log_base=None, log_level=None, verb_name='build', build_base='build', install_base='install', merge_install=False, symlink_install=False, test_result_base=None, continue_on_error=False, executor='parallel', parallel_workers=4, event_handlers=None, ignore_user_meta=False, metas=['./colcon.meta'], base_paths=['.'], packages_ignore=None, packages_ignore_regex=None, paths=None, packages_up_to=None, packages_up_to_regex=None, packages_above=None, packages_above_and_dependencies=None, packages_above_depth=None, packages_select_by_dep=None, packages_skip_by_dep=None, packages_skip_up_to=None, packages_select_build_failed=False, packages_skip_build_finished=False, packages_select_test_failures=False, packages_skip_test_passed=False, packages_select=None, packages_skip=None, packages_select_regex=None, packages_skip_regex=None, packages_start=None, packages_end=None, allow_overriding=[], cmake_args=None, cmake_target=None, cmake_target_skip_unavailable=False, cmake_clean_cache=False, cmake_clean_first=False, cmake_force_configure=False, ament_cmake_args=None, catkin_cmake_args=None, catkin_skip_building_tests=False, verb_parser=<colcon_defaults.argument_parser.defaults.DefaultArgumentsDecorator object at 0x7f1a759a1300>, verb_extension=<colcon_core.verb.build.BuildVerb object at 0x7f1a75e3be80>, main=<bound method BuildVerb.main of <colcon_core.verb.build.BuildVerb object at 0x7f1a75e3be80>>)
[2.711s] Level 1:colcon.colcon_core.package_discovery:discover_packages(colcon_meta) check parameters
[2.711s] Level 1:colcon.colcon_core.package_discovery:discover_packages(recursive) check parameters
[2.712s] Level 1:colcon.colcon_core.package_discovery:discover_packages(ignore) check parameters
[2.712s] Level 1:colcon.colcon_core.package_discovery:discover_packages(path) check parameters
[2.712s] Level 1:colcon.colcon_core.package_discovery:discover_packages(colcon_meta) discover
[2.712s] Level 1:colcon.colcon_core.package_discovery:discover_packages(recursive) discover
[2.712s] INFO:colcon.colcon_core.package_discovery:Crawling recursively for packages in '/home/ayden/learn_ros2_ws'
[2.713s] Level 1:colcon.colcon_core.package_identification:_identify(.) by extensions ['ignore', 'ignore_ament_install']
[2.713s] Level 1:colcon.colcon_core.package_identification:_identify(.) by extension 'ignore'
[2.713s] Level 1:colcon.colcon_core.package_identification:_identify(.) by extension 'ignore_ament_install'
[2.713s] Level 1:colcon.colcon_core.package_identification:_identify(.) by extensions ['colcon_pkg']
[2.713s] Level 1:colcon.colcon_core.package_identification:_identify(.) by extension 'colcon_pkg'
[2.714s] Level 1:colcon.colcon_core.package_identification:_identify(.) by extensions ['colcon_meta']
[2.714s] Level 1:colcon.colcon_core.package_identification:_identify(.) by extension 'colcon_meta'
[2.714s] Level 1:colcon.colcon_core.package_identification:_identify(.) by extensions ['ros']
[2.714s] Level 1:colcon.colcon_core.package_identification:_identify(.) by extension 'ros'
[2.744s] Level 1:colcon.colcon_core.package_identification:_identify(.) by extensions ['cmake', 'python']
[2.744s] Level 1:colcon.colcon_core.package_identification:_identify(.) by extension 'cmake'
[2.744s] Level 1:colcon.colcon_core.package_identification:_identify(.) by extension 'python'
[2.744s] Level 1:colcon.colcon_core.package_identification:_identify(.) by extensions ['python_setup_py']
[2.744s] Level 1:colcon.colcon_core.package_identification:_identify(.) by extension 'python_setup_py'
[2.744s] Level 1:colcon.colcon_core.package_identification:_identify(build) by extensions ['ignore', 'ignore_ament_install']
[2.745s] Level 1:colcon.colcon_core.package_identification:_identify(build) by extension 'ignore'
[2.745s] Level 1:colcon.colcon_core.package_identification:_identify(build) ignored
[2.745s] Level 1:colcon.colcon_core.package_identification:_identify(install) by extensions ['ignore', 'ignore_ament_install']
[2.745s] Level 1:colcon.colcon_core.package_identification:_identify(install) by extension 'ignore'
[2.745s] Level 1:colcon.colcon_core.package_identification:_identify(install) ignored
[2.746s] Level 1:colcon.colcon_core.package_identification:_identify(log) by extensions ['ignore', 'ignore_ament_install']
[2.746s] Level 1:colcon.colcon_core.package_identification:_identify(log) by extension 'ignore'
[2.746s] Level 1:colcon.colcon_core.package_identification:_identify(log) ignored
[2.746s] Level 1:colcon.colcon_core.package_identification:_identify(src) by extensions ['ignore', 'ignore_ament_install']
[2.746s] Level 1:colcon.colcon_core.package_identification:_identify(src) by extension 'ignore'
[2.746s] Level 1:colcon.colcon_core.package_identification:_identify(src) by extension 'ignore_ament_install'
[2.747s] Level 1:colcon.colcon_core.package_identification:_identify(src) by extensions ['colcon_pkg']
[2.747s] Level 1:colcon.colcon_core.package_identification:_identify(src) by extension 'colcon_pkg'
[2.747s] Level 1:colcon.colcon_core.package_identification:_identify(src) by extensions ['colcon_meta']
[2.747s] Level 1:colcon.colcon_core.package_identification:_identify(src) by extension 'colcon_meta'
[2.747s] Level 1:colcon.colcon_core.package_identification:_identify(src) by extensions ['ros']
[2.747s] Level 1:colcon.colcon_core.package_identification:_identify(src) by extension 'ros'
[2.747s] Level 1:colcon.colcon_core.package_identification:_identify(src) by extensions ['cmake', 'python']
[2.747s] Level 1:colcon.colcon_core.package_identification:_identify(src) by extension 'cmake'
[2.747s] Level 1:colcon.colcon_core.package_identification:_identify(src) by extension 'python'
[2.747s] Level 1:colcon.colcon_core.package_identification:_identify(src) by extensions ['python_setup_py']
[2.747s] Level 1:colcon.colcon_core.package_identification:_identify(src) by extension 'python_setup_py'
[2.748s] Level 1:colcon.colcon_core.package_identification:_identify(src/my_urdf_pkg) by extensions ['ignore', 'ignore_ament_install']
[2.748s] Level 1:colcon.colcon_core.package_identification:_identify(src/my_urdf_pkg) by extension 'ignore'
[2.748s] Level 1:colcon.colcon_core.package_identification:_identify(src/my_urdf_pkg) by extension 'ignore_ament_install'
[2.748s] Level 1:colcon.colcon_core.package_identification:_identify(src/my_urdf_pkg) by extensions ['colcon_pkg']
[2.748s] Level 1:colcon.colcon_core.package_identification:_identify(src/my_urdf_pkg) by extension 'colcon_pkg'
[2.748s] Level 1:colcon.colcon_core.package_identification:_identify(src/my_urdf_pkg) by extensions ['colcon_meta']
[2.748s] Level 1:colcon.colcon_core.package_identification:_identify(src/my_urdf_pkg) by extension 'colcon_meta'
[2.748s] Level 1:colcon.colcon_core.package_identification:_identify(src/my_urdf_pkg) by extensions ['ros']
[2.748s] Level 1:colcon.colcon_core.package_identification:_identify(src/my_urdf_pkg) by extension 'ros'
[2.753s] DEBUG:colcon.colcon_core.package_identification:Package 'src/my_urdf_pkg' with type 'ros.ament_cmake' and name 'my_urdf_pkg'
[2.753s] Level 1:colcon.colcon_core.package_discovery:discover_packages(recursive) using defaults
[2.753s] Level 1:colcon.colcon_core.package_discovery:discover_packages(ignore) discover
[2.753s] Level 1:colcon.colcon_core.package_discovery:discover_packages(ignore) using defaults
[2.753s] Level 1:colcon.colcon_core.package_discovery:discover_packages(path) discover
[2.753s] Level 1:colcon.colcon_core.package_discovery:discover_packages(path) using defaults
[2.967s] Level 1:colcon.colcon_core.package_discovery:discover_packages(prefix_path) check parameters
[2.968s] Level 1:colcon.colcon_core.package_discovery:discover_packages(prefix_path) discover
[3.054s] DEBUG:colcon.colcon_installed_package_information.package_discovery:Found 1 installed packages in /home/ayden/learn_ros2_ws/install
[3.132s] DEBUG:colcon.colcon_installed_package_information.package_discovery:Found 1 installed packages in /home/ayden/ros2_ws/install
[3.175s] DEBUG:colcon.colcon_installed_package_information.package_discovery:Found 1 installed packages in /home/ayden/science_fair_ws/install
[3.221s] DEBUG:colcon.colcon_installed_package_information.package_discovery:Found 380 installed packages in /opt/ros/humble
[3.230s] Level 1:colcon.colcon_core.package_discovery:discover_packages(prefix_path) using defaults
[3.483s] Level 5:colcon.colcon_core.verb:set package 'my_urdf_pkg' build argument 'cmake_args' from command line to 'None'
[3.483s] Level 5:colcon.colcon_core.verb:set package 'my_urdf_pkg' build argument 'cmake_target' from command line to 'None'
[3.483s] Level 5:colcon.colcon_core.verb:set package 'my_urdf_pkg' build argument 'cmake_target_skip_unavailable' from command line to 'False'
[3.484s] Level 5:colcon.colcon_core.verb:set package 'my_urdf_pkg' build argument 'cmake_clean_cache' from command line to 'False'
[3.484s] Level 5:colcon.colcon_core.verb:set package 'my_urdf_pkg' build argument 'cmake_clean_first' from command line to 'False'
[3.484s] Level 5:colcon.colcon_core.verb:set package 'my_urdf_pkg' build argument 'cmake_force_configure' from command line to 'False'
[3.485s] Level 5:colcon.colcon_core.verb:set package 'my_urdf_pkg' build argument 'ament_cmake_args' from command line to 'None'
[3.485s] Level 5:colcon.colcon_core.verb:set package 'my_urdf_pkg' build argument 'catkin_cmake_args' from command line to 'None'
[3.485s] Level 5:colcon.colcon_core.verb:set package 'my_urdf_pkg' build argument 'catkin_skip_building_tests' from command line to 'False'
[3.485s] DEBUG:colcon.colcon_core.verb:Building package 'my_urdf_pkg' with the following arguments: {'ament_cmake_args': None, 'build_base': '/home/ayden/learn_ros2_ws/build/my_urdf_pkg', 'catkin_cmake_args': None, 'catkin_skip_building_tests': False, 'cmake_args': None, 'cmake_clean_cache': False, 'cmake_clean_first': False, 'cmake_force_configure': False, 'cmake_target': None, 'cmake_target_skip_unavailable': False, 'install_base': '/home/ayden/learn_ros2_ws/install/my_urdf_pkg', 'merge_install': False, 'path': '/home/ayden/learn_ros2_ws/src/my_urdf_pkg', 'symlink_install': False, 'test_result_base': None}
[3.515s] INFO:colcon.colcon_core.executor:Executing jobs using 'parallel' executor
[3.546s] DEBUG:colcon.colcon_parallel_executor.executor.parallel:run_until_complete
[3.547s] INFO:colcon.colcon_ros.task.ament_cmake.build:Building ROS package in '/home/ayden/learn_ros2_ws/src/my_urdf_pkg' with build type 'ament_cmake'
[3.548s] INFO:colcon.colcon_cmake.task.cmake.build:Building CMake package in '/home/ayden/learn_ros2_ws/src/my_urdf_pkg'
[3.611s] INFO:colcon.colcon_core.plugin_system:Skipping extension 'colcon_core.shell.bat': Not used on non-Windows systems
[3.611s] INFO:colcon.colcon_core.shell:Skip shell extension 'powershell' for command environment: Not usable outside of PowerShell
[3.611s] DEBUG:colcon.colcon_core.shell:Skip shell extension 'dsv' for command environment
[3.828s] DEBUG:colcon.colcon_core.event_handler.log_command:Invoking command in '/home/ayden/learn_ros2_ws/build/my_urdf_pkg': CMAKE_PREFIX_PATH=${CMAKE_PREFIX_PATH}:/home/ayden/science_fair_ws/install/vine_robot:/home/ayden/ros2_ws/install/my_robot_controller:/opt/ros/humble /usr/bin/cmake --build /home/ayden/learn_ros2_ws/build/my_urdf_pkg -- -j4 -l4
[4.435s] DEBUG:colcon.colcon_core.event_handler.log_command:Invoked command in '/home/ayden/learn_ros2_ws/build/my_urdf_pkg' returned '2': CMAKE_PREFIX_PATH=${CMAKE_PREFIX_PATH}:/home/ayden/science_fair_ws/install/vine_robot:/home/ayden/ros2_ws/install/my_robot_controller:/opt/ros/humble /usr/bin/cmake --build /home/ayden/learn_ros2_ws/build/my_urdf_pkg -- -j4 -l4
[4.511s] Level 1:colcon.colcon_core.environment:create_environment_scripts_only(my_urdf_pkg)
[4.544s] Level 1:colcon.colcon_core.environment:checking '/home/ayden/learn_ros2_ws/install/my_urdf_pkg' for CMake module files
[4.545s] Level 1:colcon.colcon_core.environment:checking '/home/ayden/learn_ros2_ws/install/my_urdf_pkg' for CMake config files
[4.546s] Level 1:colcon.colcon_core.shell:create_environment_hook('my_urdf_pkg', 'cmake_prefix_path')
[4.591s] INFO:colcon.colcon_core.shell:Creating environment hook '/home/ayden/learn_ros2_ws/install/my_urdf_pkg/share/my_urdf_pkg/hook/cmake_prefix_path.ps1'
[4.593s] INFO:colcon.colcon_core.shell:Creating environment descriptor '/home/ayden/learn_ros2_ws/install/my_urdf_pkg/share/my_urdf_pkg/hook/cmake_prefix_path.dsv'
[4.595s] INFO:colcon.colcon_core.shell:Creating environment hook '/home/ayden/learn_ros2_ws/install/my_urdf_pkg/share/my_urdf_pkg/hook/cmake_prefix_path.sh'
[4.599s] Level 1:colcon.colcon_core.environment:checking '/home/ayden/learn_ros2_ws/install/my_urdf_pkg/lib'
[4.599s] Level 1:colcon.colcon_core.environment:checking '/home/ayden/learn_ros2_ws/install/my_urdf_pkg/bin'
[4.600s] Level 1:colcon.colcon_core.environment:checking '/home/ayden/learn_ros2_ws/install/my_urdf_pkg/lib/pkgconfig/my_urdf_pkg.pc'
[4.601s] Level 1:colcon.colcon_core.environment:checking '/home/ayden/learn_ros2_ws/install/my_urdf_pkg/lib/python3.10/site-packages'
[4.601s] Level 1:colcon.colcon_core.environment:checking '/home/ayden/learn_ros2_ws/install/my_urdf_pkg/bin'
[4.660s] INFO:colcon.colcon_core.shell:Creating package script '/home/ayden/learn_ros2_ws/install/my_urdf_pkg/share/my_urdf_pkg/package.ps1'
[4.662s] INFO:colcon.colcon_core.shell:Creating package descriptor '/home/ayden/learn_ros2_ws/install/my_urdf_pkg/share/my_urdf_pkg/package.dsv'
[4.664s] INFO:colcon.colcon_core.shell:Creating package script '/home/ayden/learn_ros2_ws/install/my_urdf_pkg/share/my_urdf_pkg/package.sh'
[4.665s] INFO:colcon.colcon_core.shell:Creating package script '/home/ayden/learn_ros2_ws/install/my_urdf_pkg/share/my_urdf_pkg/package.bash'
[4.667s] INFO:colcon.colcon_core.shell:Creating package script '/home/ayden/learn_ros2_ws/install/my_urdf_pkg/share/my_urdf_pkg/package.zsh'
[4.668s] Level 1:colcon.colcon_core.environment:create_file_with_runtime_dependencies(/home/ayden/learn_ros2_ws/install/my_urdf_pkg/share/colcon-core/packages/my_urdf_pkg)
[4.679s] DEBUG:colcon.colcon_parallel_executor.executor.parallel:closing loop
[4.680s] DEBUG:colcon.colcon_parallel_executor.executor.parallel:loop closed
[4.680s] DEBUG:colcon.colcon_parallel_executor.executor.parallel:run_until_complete finished with '2'
[4.680s] DEBUG:colcon.colcon_core.event_reactor:joining thread
[4.755s] INFO:colcon.colcon_core.plugin_system:Skipping extension 'colcon_notification.desktop_notification.notify_send': Could not find 'notify-send'
[4.755s] INFO:colcon.colcon_core.plugin_system:Skipping extension 'colcon_notification.desktop_notification.terminal_notifier': Not used on non-Darwin systems
[4.755s] INFO:colcon.colcon_core.plugin_system:Skipping extension 'colcon_notification.desktop_notification.win32': Not used on non-Windows systems
[4.755s] INFO:colcon.colcon_notification.desktop_notification:Sending desktop notification using 'notify2'
[4.757s] DEBUG:colcon.colcon_notification.desktop_notification.notify2:Failed to initialize notify2: org.freedesktop.DBus.Error.ServiceUnknown: The name org.freedesktop.Notifications was not provided by any .service files
[4.757s] DEBUG:colcon.colcon_core.event_reactor:joined thread
[4.800s] INFO:colcon.colcon_core.shell:Creating prefix script '/home/ayden/learn_ros2_ws/install/local_setup.ps1'
[4.802s] INFO:colcon.colcon_core.shell:Creating prefix util module '/home/ayden/learn_ros2_ws/install/_local_setup_util_ps1.py'
[4.805s] INFO:colcon.colcon_core.shell:Creating prefix chain script '/home/ayden/learn_ros2_ws/install/setup.ps1'
[4.852s] INFO:colcon.colcon_core.shell:Creating prefix script '/home/ayden/learn_ros2_ws/install/local_setup.sh'
[4.853s] INFO:colcon.colcon_core.shell:Creating prefix util module '/home/ayden/learn_ros2_ws/install/_local_setup_util_sh.py'
[4.854s] INFO:colcon.colcon_core.shell:Creating prefix chain script '/home/ayden/learn_ros2_ws/install/setup.sh'
[4.893s] INFO:colcon.colcon_core.shell:Creating prefix script '/home/ayden/learn_ros2_ws/install/local_setup.bash'
[4.894s] INFO:colcon.colcon_core.shell:Creating prefix chain script '/home/ayden/learn_ros2_ws/install/setup.bash'
[4.941s] INFO:colcon.colcon_core.shell:Creating prefix script '/home/ayden/learn_ros2_ws/install/local_setup.zsh'
[4.943s] INFO:colcon.colcon_core.shell:Creating prefix chain script '/home/ayden/learn_ros2_ws/install/setup.zsh'
