[6.183s] Invoking command in '/home/ayden/learn_ros2_ws/src/my_robot_controller': PYTHONPATH=/home/ayden/learn_ros2_ws/build/my_robot_controller/prefix_override:/home/ayden/learn_ros2_ws/install/my_robot_controller/lib/python3.10/site-packages:${PYTHONPATH} /usr/bin/python3 setup.py egg_info --egg-base ../../build/my_robot_controller build --build-base /home/ayden/learn_ros2_ws/build/my_robot_controller/build install --record /home/ayden/learn_ros2_ws/build/my_robot_controller/install.log --single-version-externally-managed
[7.575s] running egg_info
[7.588s] writing ../../build/my_robot_controller/my_robot_controller.egg-info/PKG-INFO
[7.588s] writing dependency_links to ../../build/my_robot_controller/my_robot_controller.egg-info/dependency_links.txt
[7.589s] writing entry points to ../../build/my_robot_controller/my_robot_controller.egg-info/entry_points.txt
[7.589s] writing requirements to ../../build/my_robot_controller/my_robot_controller.egg-info/requires.txt
[7.592s] writing top-level names to ../../build/my_robot_controller/my_robot_controller.egg-info/top_level.txt
[7.605s] reading manifest file '../../build/my_robot_controller/my_robot_controller.egg-info/SOURCES.txt'
[7.622s] writing manifest file '../../build/my_robot_controller/my_robot_controller.egg-info/SOURCES.txt'
[7.622s] running build
[7.622s] running build_py
[7.623s] copying my_robot_controller/__init__.py -> /home/ayden/learn_ros2_ws/build/my_robot_controller/build/lib/my_robot_controller
[7.623s] running install
[7.623s] running install_lib
[7.623s] copying /home/ayden/learn_ros2_ws/build/my_robot_controller/build/lib/my_robot_controller/__init__.py -> /home/ayden/learn_ros2_ws/install/my_robot_controller/lib/python3.10/site-packages/my_robot_controller
[7.625s] byte-compiling /home/ayden/learn_ros2_ws/install/my_robot_controller/lib/python3.10/site-packages/my_robot_controller/__init__.py to __init__.cpython-310.pyc
[7.627s] running install_data
[7.629s] running install_egg_info
[7.644s] removing '/home/ayden/learn_ros2_ws/install/my_robot_controller/lib/python3.10/site-packages/my_robot_controller-0.0.0-py3.10.egg-info' (and everything under it)
[7.655s] Copying ../../build/my_robot_controller/my_robot_controller.egg-info to /home/ayden/learn_ros2_ws/install/my_robot_controller/lib/python3.10/site-packages/my_robot_controller-0.0.0-py3.10.egg-info
[7.660s] running install_scripts
[7.767s] Installing driver_node script to /home/ayden/learn_ros2_ws/install/my_robot_controller/lib/my_robot_controller
[7.768s] writing list of installed files to '/home/ayden/learn_ros2_ws/build/my_robot_controller/install.log'
[7.951s] Invoked command in '/home/ayden/learn_ros2_ws/src/my_robot_controller' returned '0': PYTHONPATH=/home/ayden/learn_ros2_ws/build/my_robot_controller/prefix_override:/home/ayden/learn_ros2_ws/install/my_robot_controller/lib/python3.10/site-packages:${PYTHONPATH} /usr/bin/python3 setup.py egg_info --egg-base ../../build/my_robot_controller build --build-base /home/ayden/learn_ros2_ws/build/my_robot_controller/build install --record /home/ayden/learn_ros2_ws/build/my_robot_controller/install.log --single-version-externally-managed
