[4.058s] Invoking command in '/home/ayden/learn_ros2_ws/src/my_robot_controller': PYTHONPATH=/home/ayden/learn_ros2_ws/build/my_robot_controller/prefix_override:/home/ayden/learn_ros2_ws/install/my_robot_controller/lib/python3.10/site-packages:${PYTHONPATH} /usr/bin/python3 setup.py egg_info --egg-base ../../build/my_robot_controller build --build-base /home/ayden/learn_ros2_ws/build/my_robot_controller/build install --record /home/ayden/learn_ros2_ws/build/my_robot_controller/install.log --single-version-externally-managed
[5.312s] running egg_info
[5.314s] writing ../../build/my_robot_controller/my_robot_controller.egg-info/PKG-INFO
[5.315s] writing dependency_links to ../../build/my_robot_controller/my_robot_controller.egg-info/dependency_links.txt
[5.315s] writing entry points to ../../build/my_robot_controller/my_robot_controller.egg-info/entry_points.txt
[5.325s] writing requirements to ../../build/my_robot_controller/my_robot_controller.egg-info/requires.txt
[5.325s] writing top-level names to ../../build/my_robot_controller/my_robot_controller.egg-info/top_level.txt
[5.342s] reading manifest file '../../build/my_robot_controller/my_robot_controller.egg-info/SOURCES.txt'
[5.345s] writing manifest file '../../build/my_robot_controller/my_robot_controller.egg-info/SOURCES.txt'
[5.345s] running build
[5.345s] running build_py
[5.346s] running install
[5.357s] running install_lib
[5.361s] running install_data
[5.373s] running install_egg_info
[5.384s] removing '/home/ayden/learn_ros2_ws/install/my_robot_controller/lib/python3.10/site-packages/my_robot_controller-0.0.0-py3.10.egg-info' (and everything under it)
[5.393s] Copying ../../build/my_robot_controller/my_robot_controller.egg-info to /home/ayden/learn_ros2_ws/install/my_robot_controller/lib/python3.10/site-packages/my_robot_controller-0.0.0-py3.10.egg-info
[5.403s] running install_scripts
[5.513s] writing list of installed files to '/home/ayden/learn_ros2_ws/build/my_robot_controller/install.log'
[5.613s] Invoked command in '/home/ayden/learn_ros2_ws/src/my_robot_controller' returned '0': PYTHONPATH=/home/ayden/learn_ros2_ws/build/my_robot_controller/prefix_override:/home/ayden/learn_ros2_ws/install/my_robot_controller/lib/python3.10/site-packages:${PYTHONPATH} /usr/bin/python3 setup.py egg_info --egg-base ../../build/my_robot_controller build --build-base /home/ayden/learn_ros2_ws/build/my_robot_controller/build install --record /home/ayden/learn_ros2_ws/build/my_robot_controller/install.log --single-version-externally-managed
