[4.093s] DEBUG:colcon:Command line arguments: ['/usr/bin/colcon', 'build']
[4.093s] DEBUG:colcon:Parsed command line arguments: Namespace(log_base=None, log_level=None, verb_name='build', build_base='build', install_base='install', merge_install=False, symlink_install=False, test_result_base=None, continue_on_error=False, executor='parallel', parallel_workers=4, event_handlers=None, ignore_user_meta=False, metas=['./colcon.meta'], base_paths=['.'], packages_ignore=None, packages_ignore_regex=None, paths=None, packages_up_to=None, packages_up_to_regex=None, packages_above=None, packages_above_and_dependencies=None, packages_above_depth=None, packages_select_by_dep=None, packages_skip_by_dep=None, packages_skip_up_to=None, packages_select_build_failed=False, packages_skip_build_finished=False, packages_select_test_failures=False, packages_skip_test_passed=False, packages_select=None, packages_skip=None, packages_select_regex=None, packages_skip_regex=None, packages_start=None, packages_end=None, allow_overriding=[], cmake_args=None, cmake_target=None, cmake_target_skip_unavailable=False, cmake_clean_cache=False, cmake_clean_first=False, cmake_force_configure=False, ament_cmake_args=None, catkin_cmake_args=None, catkin_skip_building_tests=False, verb_parser=<colcon_defaults.argument_parser.defaults.DefaultArgumentsDecorator object at 0x7fdc44deb370>, verb_extension=<colcon_core.verb.build.BuildVerb object at 0x7fdc4527be80>, main=<bound method BuildVerb.main of <colcon_core.verb.build.BuildVerb object at 0x7fdc4527be80>>)
[4.264s] Level 1:colcon.colcon_core.package_discovery:discover_packages(colcon_meta) check parameters
[4.264s] Level 1:colcon.colcon_core.package_discovery:discover_packages(recursive) check parameters
[4.264s] Level 1:colcon.colcon_core.package_discovery:discover_packages(ignore) check parameters
[4.264s] Level 1:colcon.colcon_core.package_discovery:discover_packages(path) check parameters
[4.264s] Level 1:colcon.colcon_core.package_discovery:discover_packages(colcon_meta) discover
[4.265s] Level 1:colcon.colcon_core.package_discovery:discover_packages(recursive) discover
[4.265s] INFO:colcon.colcon_core.package_discovery:Crawling recursively for packages in '/home/ayden/learn_ros2_ws'
[4.265s] Level 1:colcon.colcon_core.package_identification:_identify(.) by extensions ['ignore', 'ignore_ament_install']
[4.265s] Level 1:colcon.colcon_core.package_identification:_identify(.) by extension 'ignore'
[4.266s] Level 1:colcon.colcon_core.package_identification:_identify(.) by extension 'ignore_ament_install'
[4.267s] Level 1:colcon.colcon_core.package_identification:_identify(.) by extensions ['colcon_pkg']
[4.267s] Level 1:colcon.colcon_core.package_identification:_identify(.) by extension 'colcon_pkg'
[4.267s] Level 1:colcon.colcon_core.package_identification:_identify(.) by extensions ['colcon_meta']
[4.268s] Level 1:colcon.colcon_core.package_identification:_identify(.) by extension 'colcon_meta'
[4.269s] Level 1:colcon.colcon_core.package_identification:_identify(.) by extensions ['ros']
[4.269s] Level 1:colcon.colcon_core.package_identification:_identify(.) by extension 'ros'
[4.314s] Level 1:colcon.colcon_core.package_identification:_identify(.) by extensions ['cmake', 'python']
[4.314s] Level 1:colcon.colcon_core.package_identification:_identify(.) by extension 'cmake'
[4.314s] Level 1:colcon.colcon_core.package_identification:_identify(.) by extension 'python'
[4.315s] Level 1:colcon.colcon_core.package_identification:_identify(.) by extensions ['python_setup_py']
[4.315s] Level 1:colcon.colcon_core.package_identification:_identify(.) by extension 'python_setup_py'
[4.315s] Level 1:colcon.colcon_core.package_identification:_identify(build) by extensions ['ignore', 'ignore_ament_install']
[4.316s] Level 1:colcon.colcon_core.package_identification:_identify(build) by extension 'ignore'
[4.316s] Level 1:colcon.colcon_core.package_identification:_identify(build) ignored
[4.316s] Level 1:colcon.colcon_core.package_identification:_identify(install) by extensions ['ignore', 'ignore_ament_install']
[4.317s] Level 1:colcon.colcon_core.package_identification:_identify(install) by extension 'ignore'
[4.317s] Level 1:colcon.colcon_core.package_identification:_identify(install) ignored
[4.317s] Level 1:colcon.colcon_core.package_identification:_identify(log) by extensions ['ignore', 'ignore_ament_install']
[4.317s] Level 1:colcon.colcon_core.package_identification:_identify(log) by extension 'ignore'
[4.317s] Level 1:colcon.colcon_core.package_identification:_identify(log) ignored
[4.318s] Level 1:colcon.colcon_core.package_identification:_identify(src) by extensions ['ignore', 'ignore_ament_install']
[4.318s] Level 1:colcon.colcon_core.package_identification:_identify(src) by extension 'ignore'
[4.318s] Level 1:colcon.colcon_core.package_identification:_identify(src) by extension 'ignore_ament_install'
[4.318s] Level 1:colcon.colcon_core.package_identification:_identify(src) by extensions ['colcon_pkg']
[4.318s] Level 1:colcon.colcon_core.package_identification:_identify(src) by extension 'colcon_pkg'
[4.318s] Level 1:colcon.colcon_core.package_identification:_identify(src) by extensions ['colcon_meta']
[4.318s] Level 1:colcon.colcon_core.package_identification:_identify(src) by extension 'colcon_meta'
[4.319s] Level 1:colcon.colcon_core.package_identification:_identify(src) by extensions ['ros']
[4.319s] Level 1:colcon.colcon_core.package_identification:_identify(src) by extension 'ros'
[4.319s] Level 1:colcon.colcon_core.package_identification:_identify(src) by extensions ['cmake', 'python']
[4.319s] Level 1:colcon.colcon_core.package_identification:_identify(src) by extension 'cmake'
[4.319s] Level 1:colcon.colcon_core.package_identification:_identify(src) by extension 'python'
[4.319s] Level 1:colcon.colcon_core.package_identification:_identify(src) by extensions ['python_setup_py']
[4.319s] Level 1:colcon.colcon_core.package_identification:_identify(src) by extension 'python_setup_py'
[4.320s] Level 1:colcon.colcon_core.package_identification:_identify(src/my_urdf_pkg) by extensions ['ignore', 'ignore_ament_install']
[4.321s] Level 1:colcon.colcon_core.package_identification:_identify(src/my_urdf_pkg) by extension 'ignore'
[4.321s] Level 1:colcon.colcon_core.package_identification:_identify(src/my_urdf_pkg) by extension 'ignore_ament_install'
[4.322s] Level 1:colcon.colcon_core.package_identification:_identify(src/my_urdf_pkg) by extensions ['colcon_pkg']
[4.323s] Level 1:colcon.colcon_core.package_identification:_identify(src/my_urdf_pkg) by extension 'colcon_pkg'
[4.323s] Level 1:colcon.colcon_core.package_identification:_identify(src/my_urdf_pkg) by extensions ['colcon_meta']
[4.324s] Level 1:colcon.colcon_core.package_identification:_identify(src/my_urdf_pkg) by extension 'colcon_meta'
[4.325s] Level 1:colcon.colcon_core.package_identification:_identify(src/my_urdf_pkg) by extensions ['ros']
[4.325s] Level 1:colcon.colcon_core.package_identification:_identify(src/my_urdf_pkg) by extension 'ros'
[4.334s] DEBUG:colcon.colcon_core.package_identification:Package 'src/my_urdf_pkg' with type 'ros.ament_cmake' and name 'my_urdf_pkg'
[4.334s] Level 1:colcon.colcon_core.package_discovery:discover_packages(recursive) using defaults
[4.334s] Level 1:colcon.colcon_core.package_discovery:discover_packages(ignore) discover
[4.335s] Level 1:colcon.colcon_core.package_discovery:discover_packages(ignore) using defaults
[4.335s] Level 1:colcon.colcon_core.package_discovery:discover_packages(path) discover
[4.335s] Level 1:colcon.colcon_core.package_discovery:discover_packages(path) using defaults
[4.972s] Level 1:colcon.colcon_core.package_discovery:discover_packages(prefix_path) check parameters
[4.973s] Level 1:colcon.colcon_core.package_discovery:discover_packages(prefix_path) discover
[5.188s] DEBUG:colcon.colcon_installed_package_information.package_discovery:Found 1 installed packages in /home/ayden/learn_ros2_ws/install
[5.257s] DEBUG:colcon.colcon_installed_package_information.package_discovery:Found 1 installed packages in /home/ayden/ros2_ws/install
[5.310s] DEBUG:colcon.colcon_installed_package_information.package_discovery:Found 1 installed packages in /home/ayden/science_fair_ws/install
[5.391s] DEBUG:colcon.colcon_installed_package_information.package_discovery:Found 380 installed packages in /opt/ros/humble
[5.410s] Level 1:colcon.colcon_core.package_discovery:discover_packages(prefix_path) using defaults
[5.769s] Level 5:colcon.colcon_core.verb:set package 'my_urdf_pkg' build argument 'cmake_args' from command line to 'None'
[5.769s] Level 5:colcon.colcon_core.verb:set package 'my_urdf_pkg' build argument 'cmake_target' from command line to 'None'
[5.769s] Level 5:colcon.colcon_core.verb:set package 'my_urdf_pkg' build argument 'cmake_target_skip_unavailable' from command line to 'False'
[5.769s] Level 5:colcon.colcon_core.verb:set package 'my_urdf_pkg' build argument 'cmake_clean_cache' from command line to 'False'
[5.770s] Level 5:colcon.colcon_core.verb:set package 'my_urdf_pkg' build argument 'cmake_clean_first' from command line to 'False'
[5.770s] Level 5:colcon.colcon_core.verb:set package 'my_urdf_pkg' build argument 'cmake_force_configure' from command line to 'False'
[5.770s] Level 5:colcon.colcon_core.verb:set package 'my_urdf_pkg' build argument 'ament_cmake_args' from command line to 'None'
[5.770s] Level 5:colcon.colcon_core.verb:set package 'my_urdf_pkg' build argument 'catkin_cmake_args' from command line to 'None'
[5.770s] Level 5:colcon.colcon_core.verb:set package 'my_urdf_pkg' build argument 'catkin_skip_building_tests' from command line to 'False'
[5.770s] DEBUG:colcon.colcon_core.verb:Building package 'my_urdf_pkg' with the following arguments: {'ament_cmake_args': None, 'build_base': '/home/ayden/learn_ros2_ws/build/my_urdf_pkg', 'catkin_cmake_args': None, 'catkin_skip_building_tests': False, 'cmake_args': None, 'cmake_clean_cache': False, 'cmake_clean_first': False, 'cmake_force_configure': False, 'cmake_target': None, 'cmake_target_skip_unavailable': False, 'install_base': '/home/ayden/learn_ros2_ws/install/my_urdf_pkg', 'merge_install': False, 'path': '/home/ayden/learn_ros2_ws/src/my_urdf_pkg', 'symlink_install': False, 'test_result_base': None}
[5.818s] INFO:colcon.colcon_core.executor:Executing jobs using 'parallel' executor
[5.868s] DEBUG:colcon.colcon_parallel_executor.executor.parallel:run_until_complete
[5.869s] INFO:colcon.colcon_ros.task.ament_cmake.build:Building ROS package in '/home/ayden/learn_ros2_ws/src/my_urdf_pkg' with build type 'ament_cmake'
[5.869s] INFO:colcon.colcon_cmake.task.cmake.build:Building CMake package in '/home/ayden/learn_ros2_ws/src/my_urdf_pkg'
[5.978s] INFO:colcon.colcon_core.plugin_system:Skipping extension 'colcon_core.shell.bat': Not used on non-Windows systems
[5.979s] INFO:colcon.colcon_core.shell:Skip shell extension 'powershell' for command environment: Not usable outside of PowerShell
[5.979s] DEBUG:colcon.colcon_core.shell:Skip shell extension 'dsv' for command environment
[6.538s] DEBUG:colcon.colcon_core.event_handler.log_command:Invoking command in '/home/ayden/learn_ros2_ws/build/my_urdf_pkg': CMAKE_PREFIX_PATH=${CMAKE_PREFIX_PATH}:/home/ayden/science_fair_ws/install/vine_robot:/home/ayden/ros2_ws/install/my_robot_controller:/opt/ros/humble /usr/bin/cmake --build /home/ayden/learn_ros2_ws/build/my_urdf_pkg -- -j4 -l4
[6.767s] DEBUG:colcon.colcon_core.event_handler.log_command:Invoked command in '/home/ayden/learn_ros2_ws/build/my_urdf_pkg' returned '0': CMAKE_PREFIX_PATH=${CMAKE_PREFIX_PATH}:/home/ayden/science_fair_ws/install/vine_robot:/home/ayden/ros2_ws/install/my_robot_controller:/opt/ros/humble /usr/bin/cmake --build /home/ayden/learn_ros2_ws/build/my_urdf_pkg -- -j4 -l4
[6.832s] DEBUG:colcon.colcon_core.event_handler.log_command:Invoking command in '/home/ayden/learn_ros2_ws/build/my_urdf_pkg': CMAKE_PREFIX_PATH=${CMAKE_PREFIX_PATH}:/home/ayden/science_fair_ws/install/vine_robot:/home/ayden/ros2_ws/install/my_robot_controller:/opt/ros/humble /usr/bin/cmake --install /home/ayden/learn_ros2_ws/build/my_urdf_pkg
[6.855s] Level 1:colcon.colcon_core.environment:create_environment_scripts_only(my_urdf_pkg)
[6.857s] DEBUG:colcon.colcon_core.event_handler.log_command:Invoked command in '/home/ayden/learn_ros2_ws/build/my_urdf_pkg' returned '0': CMAKE_PREFIX_PATH=${CMAKE_PREFIX_PATH}:/home/ayden/science_fair_ws/install/vine_robot:/home/ayden/ros2_ws/install/my_robot_controller:/opt/ros/humble /usr/bin/cmake --install /home/ayden/learn_ros2_ws/build/my_urdf_pkg
[6.907s] Level 1:colcon.colcon_core.environment:checking '/home/ayden/learn_ros2_ws/install/my_urdf_pkg' for CMake module files
[6.909s] Level 1:colcon.colcon_core.environment:checking '/home/ayden/learn_ros2_ws/install/my_urdf_pkg' for CMake config files
[6.910s] Level 1:colcon.colcon_core.shell:create_environment_hook('my_urdf_pkg', 'cmake_prefix_path')
[6.972s] INFO:colcon.colcon_core.shell:Creating environment hook '/home/ayden/learn_ros2_ws/install/my_urdf_pkg/share/my_urdf_pkg/hook/cmake_prefix_path.ps1'
[6.975s] INFO:colcon.colcon_core.shell:Creating environment descriptor '/home/ayden/learn_ros2_ws/install/my_urdf_pkg/share/my_urdf_pkg/hook/cmake_prefix_path.dsv'
[6.976s] INFO:colcon.colcon_core.shell:Creating environment hook '/home/ayden/learn_ros2_ws/install/my_urdf_pkg/share/my_urdf_pkg/hook/cmake_prefix_path.sh'
[6.989s] Level 1:colcon.colcon_core.environment:checking '/home/ayden/learn_ros2_ws/install/my_urdf_pkg/lib'
[6.989s] Level 1:colcon.colcon_core.environment:checking '/home/ayden/learn_ros2_ws/install/my_urdf_pkg/bin'
[6.990s] Level 1:colcon.colcon_core.environment:checking '/home/ayden/learn_ros2_ws/install/my_urdf_pkg/lib/pkgconfig/my_urdf_pkg.pc'
[6.991s] Level 1:colcon.colcon_core.environment:checking '/home/ayden/learn_ros2_ws/install/my_urdf_pkg/lib/python3.10/site-packages'
[6.992s] Level 1:colcon.colcon_core.shell:create_environment_hook('my_urdf_pkg', 'pythonpath')
[7.139s] INFO:colcon.colcon_core.shell:Creating environment hook '/home/ayden/learn_ros2_ws/install/my_urdf_pkg/share/my_urdf_pkg/hook/pythonpath.ps1'
[7.151s] INFO:colcon.colcon_core.shell:Creating environment descriptor '/home/ayden/learn_ros2_ws/install/my_urdf_pkg/share/my_urdf_pkg/hook/pythonpath.dsv'
[7.152s] INFO:colcon.colcon_core.shell:Creating environment hook '/home/ayden/learn_ros2_ws/install/my_urdf_pkg/share/my_urdf_pkg/hook/pythonpath.sh'
[7.154s] Level 1:colcon.colcon_core.environment:checking '/home/ayden/learn_ros2_ws/install/my_urdf_pkg/bin'
[7.219s] INFO:colcon.colcon_core.shell:Creating package script '/home/ayden/learn_ros2_ws/install/my_urdf_pkg/share/my_urdf_pkg/package.ps1'
[7.223s] INFO:colcon.colcon_core.shell:Creating package descriptor '/home/ayden/learn_ros2_ws/install/my_urdf_pkg/share/my_urdf_pkg/package.dsv'
[7.225s] INFO:colcon.colcon_core.shell:Creating package script '/home/ayden/learn_ros2_ws/install/my_urdf_pkg/share/my_urdf_pkg/package.sh'
[7.227s] INFO:colcon.colcon_core.shell:Creating package script '/home/ayden/learn_ros2_ws/install/my_urdf_pkg/share/my_urdf_pkg/package.bash'
[7.229s] INFO:colcon.colcon_core.shell:Creating package script '/home/ayden/learn_ros2_ws/install/my_urdf_pkg/share/my_urdf_pkg/package.zsh'
[7.233s] Level 1:colcon.colcon_core.environment:create_file_with_runtime_dependencies(/home/ayden/learn_ros2_ws/install/my_urdf_pkg/share/colcon-core/packages/my_urdf_pkg)
[7.403s] Level 1:colcon.colcon_core.environment:create_environment_scripts_only(my_urdf_pkg)
[7.500s] Level 1:colcon.colcon_core.environment:checking '/home/ayden/learn_ros2_ws/install/my_urdf_pkg' for CMake module files
[7.511s] Level 1:colcon.colcon_core.environment:checking '/home/ayden/learn_ros2_ws/install/my_urdf_pkg' for CMake config files
[7.512s] Level 1:colcon.colcon_core.shell:create_environment_hook('my_urdf_pkg', 'cmake_prefix_path')
[7.597s] INFO:colcon.colcon_core.shell:Creating environment hook '/home/ayden/learn_ros2_ws/install/my_urdf_pkg/share/my_urdf_pkg/hook/cmake_prefix_path.ps1'
[7.598s] INFO:colcon.colcon_core.shell:Creating environment descriptor '/home/ayden/learn_ros2_ws/install/my_urdf_pkg/share/my_urdf_pkg/hook/cmake_prefix_path.dsv'
[7.599s] INFO:colcon.colcon_core.shell:Creating environment hook '/home/ayden/learn_ros2_ws/install/my_urdf_pkg/share/my_urdf_pkg/hook/cmake_prefix_path.sh'
[7.601s] Level 1:colcon.colcon_core.environment:checking '/home/ayden/learn_ros2_ws/install/my_urdf_pkg/lib'
[7.602s] Level 1:colcon.colcon_core.environment:checking '/home/ayden/learn_ros2_ws/install/my_urdf_pkg/bin'
[7.603s] Level 1:colcon.colcon_core.environment:checking '/home/ayden/learn_ros2_ws/install/my_urdf_pkg/lib/pkgconfig/my_urdf_pkg.pc'
[7.604s] Level 1:colcon.colcon_core.environment:checking '/home/ayden/learn_ros2_ws/install/my_urdf_pkg/lib/python3.10/site-packages'
[7.604s] Level 1:colcon.colcon_core.shell:create_environment_hook('my_urdf_pkg', 'pythonpath')
[7.673s] INFO:colcon.colcon_core.shell:Creating environment hook '/home/ayden/learn_ros2_ws/install/my_urdf_pkg/share/my_urdf_pkg/hook/pythonpath.ps1'
[7.675s] INFO:colcon.colcon_core.shell:Creating environment descriptor '/home/ayden/learn_ros2_ws/install/my_urdf_pkg/share/my_urdf_pkg/hook/pythonpath.dsv'
[7.676s] INFO:colcon.colcon_core.shell:Creating environment hook '/home/ayden/learn_ros2_ws/install/my_urdf_pkg/share/my_urdf_pkg/hook/pythonpath.sh'
[7.677s] Level 1:colcon.colcon_core.environment:checking '/home/ayden/learn_ros2_ws/install/my_urdf_pkg/bin'
[7.725s] INFO:colcon.colcon_core.shell:Creating package script '/home/ayden/learn_ros2_ws/install/my_urdf_pkg/share/my_urdf_pkg/package.ps1'
[7.726s] INFO:colcon.colcon_core.shell:Creating package descriptor '/home/ayden/learn_ros2_ws/install/my_urdf_pkg/share/my_urdf_pkg/package.dsv'
[7.727s] INFO:colcon.colcon_core.shell:Creating package script '/home/ayden/learn_ros2_ws/install/my_urdf_pkg/share/my_urdf_pkg/package.sh'
[7.732s] INFO:colcon.colcon_core.shell:Creating package script '/home/ayden/learn_ros2_ws/install/my_urdf_pkg/share/my_urdf_pkg/package.bash'
[7.738s] INFO:colcon.colcon_core.shell:Creating package script '/home/ayden/learn_ros2_ws/install/my_urdf_pkg/share/my_urdf_pkg/package.zsh'
[7.739s] Level 1:colcon.colcon_core.environment:create_file_with_runtime_dependencies(/home/ayden/learn_ros2_ws/install/my_urdf_pkg/share/colcon-core/packages/my_urdf_pkg)
[7.740s] DEBUG:colcon.colcon_parallel_executor.executor.parallel:closing loop
[7.741s] DEBUG:colcon.colcon_parallel_executor.executor.parallel:loop closed
[7.742s] DEBUG:colcon.colcon_parallel_executor.executor.parallel:run_until_complete finished with '0'
[7.743s] DEBUG:colcon.colcon_core.event_reactor:joining thread
[7.854s] INFO:colcon.colcon_core.plugin_system:Skipping extension 'colcon_notification.desktop_notification.notify_send': Could not find 'notify-send'
[7.855s] INFO:colcon.colcon_core.plugin_system:Skipping extension 'colcon_notification.desktop_notification.terminal_notifier': Not used on non-Darwin systems
[7.855s] INFO:colcon.colcon_core.plugin_system:Skipping extension 'colcon_notification.desktop_notification.win32': Not used on non-Windows systems
[7.855s] INFO:colcon.colcon_notification.desktop_notification:Sending desktop notification using 'notify2'
[7.858s] DEBUG:colcon.colcon_notification.desktop_notification.notify2:Failed to initialize notify2: org.freedesktop.DBus.Error.ServiceUnknown: The name org.freedesktop.Notifications was not provided by any .service files
[7.859s] DEBUG:colcon.colcon_core.event_reactor:joined thread
[7.914s] INFO:colcon.colcon_core.shell:Creating prefix script '/home/ayden/learn_ros2_ws/install/local_setup.ps1'
[7.916s] INFO:colcon.colcon_core.shell:Creating prefix util module '/home/ayden/learn_ros2_ws/install/_local_setup_util_ps1.py'
[7.920s] INFO:colcon.colcon_core.shell:Creating prefix chain script '/home/ayden/learn_ros2_ws/install/setup.ps1'
[7.993s] INFO:colcon.colcon_core.shell:Creating prefix script '/home/ayden/learn_ros2_ws/install/local_setup.sh'
[8.006s] INFO:colcon.colcon_core.shell:Creating prefix util module '/home/ayden/learn_ros2_ws/install/_local_setup_util_sh.py'
[8.007s] INFO:colcon.colcon_core.shell:Creating prefix chain script '/home/ayden/learn_ros2_ws/install/setup.sh'
[8.155s] INFO:colcon.colcon_core.shell:Creating prefix script '/home/ayden/learn_ros2_ws/install/local_setup.bash'
[8.156s] INFO:colcon.colcon_core.shell:Creating prefix chain script '/home/ayden/learn_ros2_ws/install/setup.bash'
[8.283s] INFO:colcon.colcon_core.shell:Creating prefix script '/home/ayden/learn_ros2_ws/install/local_setup.zsh'
[8.286s] INFO:colcon.colcon_core.shell:Creating prefix chain script '/home/ayden/learn_ros2_ws/install/setup.zsh'
