[6.706s] DEBUG:colcon:Command line arguments: ['/usr/bin/colcon', 'build']
[6.707s] DEBUG:colcon:Parsed command line arguments: Namespace(log_base=None, log_level=None, verb_name='build', build_base='build', install_base='install', merge_install=False, symlink_install=False, test_result_base=None, continue_on_error=False, executor='parallel', parallel_workers=4, event_handlers=None, ignore_user_meta=False, metas=['./colcon.meta'], base_paths=['.'], packages_ignore=None, packages_ignore_regex=None, paths=None, packages_up_to=None, packages_up_to_regex=None, packages_above=None, packages_above_and_dependencies=None, packages_above_depth=None, packages_select_by_dep=None, packages_skip_by_dep=None, packages_skip_up_to=None, packages_select_build_failed=False, packages_skip_build_finished=False, packages_select_test_failures=False, packages_skip_test_passed=False, packages_select=None, packages_skip=None, packages_select_regex=None, packages_skip_regex=None, packages_start=None, packages_end=None, allow_overriding=[], cmake_args=None, cmake_target=None, cmake_target_skip_unavailable=False, cmake_clean_cache=False, cmake_clean_first=False, cmake_force_configure=False, ament_cmake_args=None, catkin_cmake_args=None, catkin_skip_building_tests=False, verb_parser=<colcon_defaults.argument_parser.defaults.DefaultArgumentsDecorator object at 0xffff8c34d1b0>, verb_extension=<colcon_core.verb.build.BuildVerb object at 0xffff8c494310>, main=<bound method BuildVerb.main of <colcon_core.verb.build.BuildVerb object at 0xffff8c494310>>)
[6.989s] Level 1:colcon.colcon_core.package_discovery:discover_packages(colcon_meta) check parameters
[6.990s] Level 1:colcon.colcon_core.package_discovery:discover_packages(recursive) check parameters
[6.990s] Level 1:colcon.colcon_core.package_discovery:discover_packages(ignore) check parameters
[6.990s] Level 1:colcon.colcon_core.package_discovery:discover_packages(path) check parameters
[6.990s] Level 1:colcon.colcon_core.package_discovery:discover_packages(colcon_meta) discover
[6.990s] Level 1:colcon.colcon_core.package_discovery:discover_packages(recursive) discover
[6.990s] INFO:colcon.colcon_core.package_discovery:Crawling recursively for packages in '/home/bravenderbros/ros2_ws'
[6.991s] Level 1:colcon.colcon_core.package_identification:_identify(.) by extensions ['ignore', 'ignore_ament_install']
[6.992s] Level 1:colcon.colcon_core.package_identification:_identify(.) by extension 'ignore'
[6.992s] Level 1:colcon.colcon_core.package_identification:_identify(.) by extension 'ignore_ament_install'
[6.992s] Level 1:colcon.colcon_core.package_identification:_identify(.) by extensions ['colcon_pkg']
[6.992s] Level 1:colcon.colcon_core.package_identification:_identify(.) by extension 'colcon_pkg'
[6.992s] Level 1:colcon.colcon_core.package_identification:_identify(.) by extensions ['colcon_meta']
[6.993s] Level 1:colcon.colcon_core.package_identification:_identify(.) by extension 'colcon_meta'
[6.993s] Level 1:colcon.colcon_core.package_identification:_identify(.) by extensions ['ros']
[6.993s] Level 1:colcon.colcon_core.package_identification:_identify(.) by extension 'ros'
[7.040s] Level 1:colcon.colcon_core.package_identification:_identify(.) by extensions ['cmake', 'python']
[7.041s] Level 1:colcon.colcon_core.package_identification:_identify(.) by extension 'cmake'
[7.041s] Level 1:colcon.colcon_core.package_identification:_identify(.) by extension 'python'
[7.041s] Level 1:colcon.colcon_core.package_identification:_identify(.) by extensions ['python_setup_py']
[7.041s] Level 1:colcon.colcon_core.package_identification:_identify(.) by extension 'python_setup_py'
[7.042s] Level 1:colcon.colcon_core.package_identification:_identify(build) by extensions ['ignore', 'ignore_ament_install']
[7.042s] Level 1:colcon.colcon_core.package_identification:_identify(build) by extension 'ignore'
[7.042s] Level 1:colcon.colcon_core.package_identification:_identify(build) ignored
[7.043s] Level 1:colcon.colcon_core.package_identification:_identify(install) by extensions ['ignore', 'ignore_ament_install']
[7.044s] Level 1:colcon.colcon_core.package_identification:_identify(install) by extension 'ignore'
[7.044s] Level 1:colcon.colcon_core.package_identification:_identify(install) ignored
[7.045s] Level 1:colcon.colcon_core.package_identification:_identify(log) by extensions ['ignore', 'ignore_ament_install']
[7.045s] Level 1:colcon.colcon_core.package_identification:_identify(log) by extension 'ignore'
[7.045s] Level 1:colcon.colcon_core.package_identification:_identify(log) ignored
[7.046s] Level 1:colcon.colcon_core.package_identification:_identify(src) by extensions ['ignore', 'ignore_ament_install']
[7.046s] Level 1:colcon.colcon_core.package_identification:_identify(src) by extension 'ignore'
[7.046s] Level 1:colcon.colcon_core.package_identification:_identify(src) by extension 'ignore_ament_install'
[7.047s] Level 1:colcon.colcon_core.package_identification:_identify(src) by extensions ['colcon_pkg']
[7.047s] Level 1:colcon.colcon_core.package_identification:_identify(src) by extension 'colcon_pkg'
[7.047s] Level 1:colcon.colcon_core.package_identification:_identify(src) by extensions ['colcon_meta']
[7.047s] Level 1:colcon.colcon_core.package_identification:_identify(src) by extension 'colcon_meta'
[7.047s] Level 1:colcon.colcon_core.package_identification:_identify(src) by extensions ['ros']
[7.047s] Level 1:colcon.colcon_core.package_identification:_identify(src) by extension 'ros'
[7.048s] Level 1:colcon.colcon_core.package_identification:_identify(src) by extensions ['cmake', 'python']
[7.048s] Level 1:colcon.colcon_core.package_identification:_identify(src) by extension 'cmake'
[7.048s] Level 1:colcon.colcon_core.package_identification:_identify(src) by extension 'python'
[7.048s] Level 1:colcon.colcon_core.package_identification:_identify(src) by extensions ['python_setup_py']
[7.048s] Level 1:colcon.colcon_core.package_identification:_identify(src) by extension 'python_setup_py'
[7.049s] Level 1:colcon.colcon_core.package_discovery:discover_packages(recursive) using defaults
[7.049s] Level 1:colcon.colcon_core.package_discovery:discover_packages(ignore) discover
[7.049s] Level 1:colcon.colcon_core.package_discovery:discover_packages(ignore) using defaults
[7.049s] Level 1:colcon.colcon_core.package_discovery:discover_packages(path) discover
[7.049s] Level 1:colcon.colcon_core.package_discovery:discover_packages(path) using defaults
[7.473s] Level 1:colcon.colcon_core.package_discovery:discover_packages(prefix_path) check parameters
[7.473s] Level 1:colcon.colcon_core.package_discovery:discover_packages(prefix_path) discover
[7.536s] WARNING:colcon.colcon_core.prefix_path.colcon:The path '/home/bravenderbros/learn_ros2_ws/install' in the environment variable COLCON_PREFIX_PATH doesn't exist
[7.536s] WARNING:colcon.colcon_ros.prefix_path.ament:The path '/home/bravenderbros/ros2_ws/install/my_urdf_pkg' in the environment variable AMENT_PREFIX_PATH doesn't exist
[7.536s] WARNING:colcon.colcon_ros.prefix_path.ament:The path '/home/bravenderbros/learn_ros2_ws/install/my_urdf_pkg' in the environment variable AMENT_PREFIX_PATH doesn't exist
[7.536s] WARNING:colcon.colcon_ros.prefix_path.ament:The path '/home/bravenderbros/learn_ros2_ws/install/my_robot_controller' in the environment variable AMENT_PREFIX_PATH doesn't exist
[7.537s] WARNING:colcon.colcon_ros.prefix_path.catkin:The path '/home/bravenderbros/ros2_ws/install/my_urdf_pkg' in the environment variable CMAKE_PREFIX_PATH doesn't exist
[7.537s] WARNING:colcon.colcon_ros.prefix_path.catkin:The path '/home/bravenderbros/learn_ros2_ws/install/my_urdf_pkg' in the environment variable CMAKE_PREFIX_PATH doesn't exist
[7.618s] DEBUG:colcon.colcon_installed_package_information.package_discovery:Found 0 installed packages in /home/bravenderbros/ros2_ws/install
[7.688s] DEBUG:colcon.colcon_installed_package_information.package_discovery:Found 272 installed packages in /opt/ros/humble
[7.694s] Level 1:colcon.colcon_core.package_discovery:discover_packages(prefix_path) using defaults
[8.089s] INFO:colcon.colcon_core.executor:Executing jobs using 'parallel' executor
[8.152s] DEBUG:colcon.colcon_parallel_executor.executor.parallel:run_until_complete
[8.152s] DEBUG:colcon.colcon_parallel_executor.executor.parallel:closing loop
[8.153s] DEBUG:colcon.colcon_parallel_executor.executor.parallel:loop closed
[8.153s] DEBUG:colcon.colcon_parallel_executor.executor.parallel:run_until_complete finished with '0'
[8.153s] DEBUG:colcon.colcon_core.event_reactor:joining thread
[8.248s] INFO:colcon.colcon_core.plugin_system:Skipping extension 'colcon_notification.desktop_notification.terminal_notifier': Not used on non-Darwin systems
[8.248s] INFO:colcon.colcon_core.plugin_system:Skipping extension 'colcon_notification.desktop_notification.win32': Not used on non-Windows systems
[8.248s] INFO:colcon.colcon_notification.desktop_notification:Sending desktop notification using 'notify2'
[8.301s] DEBUG:colcon.colcon_core.event_reactor:joined thread
[8.395s] INFO:colcon.colcon_core.plugin_system:Skipping extension 'colcon_core.shell.bat': Not used on non-Windows systems
[8.396s] INFO:colcon.colcon_core.shell:Creating prefix script '/home/bravenderbros/ros2_ws/install/local_setup.ps1'
[8.401s] INFO:colcon.colcon_core.shell:Creating prefix util module '/home/bravenderbros/ros2_ws/install/_local_setup_util_ps1.py'
[8.407s] INFO:colcon.colcon_core.shell:Creating prefix chain script '/home/bravenderbros/ros2_ws/install/setup.ps1'
[8.481s] INFO:colcon.colcon_core.shell:Creating prefix script '/home/bravenderbros/ros2_ws/install/local_setup.sh'
[8.483s] INFO:colcon.colcon_core.shell:Creating prefix util module '/home/bravenderbros/ros2_ws/install/_local_setup_util_sh.py'
[8.485s] INFO:colcon.colcon_core.shell:Creating prefix chain script '/home/bravenderbros/ros2_ws/install/setup.sh'
[8.554s] INFO:colcon.colcon_core.shell:Creating prefix script '/home/bravenderbros/ros2_ws/install/local_setup.bash'
[8.556s] INFO:colcon.colcon_core.shell:Creating prefix chain script '/home/bravenderbros/ros2_ws/install/setup.bash'
[8.659s] INFO:colcon.colcon_core.shell:Creating prefix script '/home/bravenderbros/ros2_ws/install/local_setup.zsh'
[8.661s] INFO:colcon.colcon_core.shell:Creating prefix chain script '/home/bravenderbros/ros2_ws/install/setup.zsh'
