running egg_info
creating build/my_urdf_pkg/my_urdf_pkg.egg-info
writing build/my_urdf_pkg/my_urdf_pkg.egg-info/PKG-INFO
writing dependency_links to build/my_urdf_pkg/my_urdf_pkg.egg-info/dependency_links.txt
writing entry points to build/my_urdf_pkg/my_urdf_pkg.egg-info/entry_points.txt
writing requirements to build/my_urdf_pkg/my_urdf_pkg.egg-info/requires.txt
writing top-level names to build/my_urdf_pkg/my_urdf_pkg.egg-info/top_level.txt
writing manifest file 'build/my_urdf_pkg/my_urdf_pkg.egg-info/SOURCES.txt'
file pynode.py (for module pynode) not found
reading manifest file 'build/my_urdf_pkg/my_urdf_pkg.egg-info/SOURCES.txt'
writing manifest file 'build/my_urdf_pkg/my_urdf_pkg.egg-info/SOURCES.txt'
running build
running build_py
file pynode.py (for module pynode) not found
file pynode.py (for module pynode) not found
running install
running install_lib
running install_data
warning: install_lib: '/home/ayden/learn_ros2_ws/build/my_urdf_pkg/build/lib' does not exist -- no Python modules to install

error: can't copy 'resource/my_urdf_pkg': doesn't exist or not a regular file
