[35m[1mConsolidate compiler generated dependencies of target my_node[0m
[ 50%] [32mBuilding CXX object CMakeFiles/my_node.dir/src/my_node.cpp.o[0m
[100%] [32m[1mLinking CXX executable my_node[0m
[100%] Built target my_node
-- Install configuration: ""
-- Installing: /home/ayden/learn_ros2_ws/install/my_urdf_pkg/lib/my_urdf_pkg/my_node
-- Set runtime path of "/home/ayden/learn_ros2_ws/install/my_urdf_pkg/lib/my_urdf_pkg/my_node" to ""
-- Up-to-date: /home/ayden/learn_ros2_ws/install/my_urdf_pkg/share/ament_index/resource_index/package_run_dependencies/my_urdf_pkg
-- Up-to-date: /home/ayden/learn_ros2_ws/install/my_urdf_pkg/share/ament_index/resource_index/parent_prefix_path/my_urdf_pkg
-- Up-to-date: /home/ayden/learn_ros2_ws/install/my_urdf_pkg/share/my_urdf_pkg/environment/ament_prefix_path.sh
-- Up-to-date: /home/ayden/learn_ros2_ws/install/my_urdf_pkg/share/my_urdf_pkg/environment/ament_prefix_path.dsv
-- Up-to-date: /home/ayden/learn_ros2_ws/install/my_urdf_pkg/share/my_urdf_pkg/environment/path.sh
-- Up-to-date: /home/ayden/learn_ros2_ws/install/my_urdf_pkg/share/my_urdf_pkg/environment/path.dsv
-- Up-to-date: /home/ayden/learn_ros2_ws/install/my_urdf_pkg/share/my_urdf_pkg/local_setup.bash
-- Up-to-date: /home/ayden/learn_ros2_ws/install/my_urdf_pkg/share/my_urdf_pkg/local_setup.sh
-- Up-to-date: /home/ayden/learn_ros2_ws/install/my_urdf_pkg/share/my_urdf_pkg/local_setup.zsh
-- Up-to-date: /home/ayden/learn_ros2_ws/install/my_urdf_pkg/share/my_urdf_pkg/local_setup.dsv
-- Installing: /home/ayden/learn_ros2_ws/install/my_urdf_pkg/share/my_urdf_pkg/package.dsv
-- Up-to-date: /home/ayden/learn_ros2_ws/install/my_urdf_pkg/share/ament_index/resource_index/packages/my_urdf_pkg
-- Up-to-date: /home/ayden/learn_ros2_ws/install/my_urdf_pkg/share/my_urdf_pkg/cmake/my_urdf_pkgConfig.cmake
-- Up-to-date: /home/ayden/learn_ros2_ws/install/my_urdf_pkg/share/my_urdf_pkg/cmake/my_urdf_pkgConfig-version.cmake
-- Up-to-date: /home/ayden/learn_ros2_ws/install/my_urdf_pkg/share/my_urdf_pkg/package.xml
