[8.454s] DEBUG:colcon:Command line arguments: ['/usr/bin/colcon', 'build']
[8.455s] DEBUG:colcon:Parsed command line arguments: Namespace(log_base=None, log_level=None, verb_name='build', build_base='build', install_base='install', merge_install=False, symlink_install=False, test_result_base=None, continue_on_error=False, executor='parallel', parallel_workers=4, event_handlers=None, ignore_user_meta=False, metas=['./colcon.meta'], base_paths=['.'], packages_ignore=None, packages_ignore_regex=None, paths=None, packages_up_to=None, packages_up_to_regex=None, packages_above=None, packages_above_and_dependencies=None, packages_above_depth=None, packages_select_by_dep=None, packages_skip_by_dep=None, packages_skip_up_to=None, packages_select_build_failed=False, packages_skip_build_finished=False, packages_select_test_failures=False, packages_skip_test_passed=False, packages_select=None, packages_skip=None, packages_select_regex=None, packages_skip_regex=None, packages_start=None, packages_end=None, allow_overriding=[], cmake_args=None, cmake_target=None, cmake_target_skip_unavailable=False, cmake_clean_cache=False, cmake_clean_first=False, cmake_force_configure=False, ament_cmake_args=None, catkin_cmake_args=None, catkin_skip_building_tests=False, verb_parser=<colcon_defaults.argument_parser.defaults.DefaultArgumentsDecorator object at 0xffffafce3100>, verb_extension=<colcon_core.verb.build.BuildVerb object at 0xffffafe52440>, main=<bound method BuildVerb.main of <colcon_core.verb.build.BuildVerb object at 0xffffafe52440>>)
[8.897s] Level 1:colcon.colcon_core.package_discovery:discover_packages(colcon_meta) check parameters
[8.899s] Level 1:colcon.colcon_core.package_discovery:discover_packages(recursive) check parameters
[8.900s] Level 1:colcon.colcon_core.package_discovery:discover_packages(ignore) check parameters
[8.901s] Level 1:colcon.colcon_core.package_discovery:discover_packages(path) check parameters
[8.902s] Level 1:colcon.colcon_core.package_discovery:discover_packages(colcon_meta) discover
[8.903s] Level 1:colcon.colcon_core.package_discovery:discover_packages(recursive) discover
[8.904s] INFO:colcon.colcon_core.package_discovery:Crawling recursively for packages in '/home/bravenderbros/ros2_ws'
[8.906s] Level 1:colcon.colcon_core.package_identification:_identify(.) by extensions ['ignore', 'ignore_ament_install']
[8.908s] Level 1:colcon.colcon_core.package_identification:_identify(.) by extension 'ignore'
[8.909s] Level 1:colcon.colcon_core.package_identification:_identify(.) by extension 'ignore_ament_install'
[8.911s] Level 1:colcon.colcon_core.package_identification:_identify(.) by extensions ['colcon_pkg']
[8.911s] Level 1:colcon.colcon_core.package_identification:_identify(.) by extension 'colcon_pkg'
[8.912s] Level 1:colcon.colcon_core.package_identification:_identify(.) by extensions ['colcon_meta']
[8.913s] Level 1:colcon.colcon_core.package_identification:_identify(.) by extension 'colcon_meta'
[8.914s] Level 1:colcon.colcon_core.package_identification:_identify(.) by extensions ['ros']
[8.914s] Level 1:colcon.colcon_core.package_identification:_identify(.) by extension 'ros'
[9.002s] Level 1:colcon.colcon_core.package_identification:_identify(.) by extensions ['cmake', 'python']
[9.002s] Level 1:colcon.colcon_core.package_identification:_identify(.) by extension 'cmake'
[9.003s] Level 1:colcon.colcon_core.package_identification:_identify(.) by extension 'python'
[9.003s] Level 1:colcon.colcon_core.package_identification:_identify(.) by extensions ['python_setup_py']
[9.003s] Level 1:colcon.colcon_core.package_identification:_identify(.) by extension 'python_setup_py'
[9.004s] Level 1:colcon.colcon_core.package_identification:_identify(build) by extensions ['ignore', 'ignore_ament_install']
[9.005s] Level 1:colcon.colcon_core.package_identification:_identify(build) by extension 'ignore'
[9.005s] Level 1:colcon.colcon_core.package_identification:_identify(build) ignored
[9.007s] Level 1:colcon.colcon_core.package_identification:_identify(install) by extensions ['ignore', 'ignore_ament_install']
[9.008s] Level 1:colcon.colcon_core.package_identification:_identify(install) by extension 'ignore'
[9.009s] Level 1:colcon.colcon_core.package_identification:_identify(install) ignored
[9.011s] Level 1:colcon.colcon_core.package_identification:_identify(log) by extensions ['ignore', 'ignore_ament_install']
[9.012s] Level 1:colcon.colcon_core.package_identification:_identify(log) by extension 'ignore'
[9.014s] Level 1:colcon.colcon_core.package_identification:_identify(log) ignored
[9.016s] Level 1:colcon.colcon_core.package_identification:_identify(src) by extensions ['ignore', 'ignore_ament_install']
[9.017s] Level 1:colcon.colcon_core.package_identification:_identify(src) by extension 'ignore'
[9.018s] Level 1:colcon.colcon_core.package_identification:_identify(src) by extension 'ignore_ament_install'
[9.020s] Level 1:colcon.colcon_core.package_identification:_identify(src) by extensions ['colcon_pkg']
[9.020s] Level 1:colcon.colcon_core.package_identification:_identify(src) by extension 'colcon_pkg'
[9.022s] Level 1:colcon.colcon_core.package_identification:_identify(src) by extensions ['colcon_meta']
[9.023s] Level 1:colcon.colcon_core.package_identification:_identify(src) by extension 'colcon_meta'
[9.023s] Level 1:colcon.colcon_core.package_identification:_identify(src) by extensions ['ros']
[9.024s] Level 1:colcon.colcon_core.package_identification:_identify(src) by extension 'ros'
[9.026s] Level 1:colcon.colcon_core.package_identification:_identify(src) by extensions ['cmake', 'python']
[9.027s] Level 1:colcon.colcon_core.package_identification:_identify(src) by extension 'cmake'
[9.028s] Level 1:colcon.colcon_core.package_identification:_identify(src) by extension 'python'
[9.029s] Level 1:colcon.colcon_core.package_identification:_identify(src) by extensions ['python_setup_py']
[9.030s] Level 1:colcon.colcon_core.package_identification:_identify(src) by extension 'python_setup_py'
[9.032s] Level 1:colcon.colcon_core.package_identification:_identify(src/my_urdf_pkg) by extensions ['ignore', 'ignore_ament_install']
[9.034s] Level 1:colcon.colcon_core.package_identification:_identify(src/my_urdf_pkg) by extension 'ignore'
[9.035s] Level 1:colcon.colcon_core.package_identification:_identify(src/my_urdf_pkg) by extension 'ignore_ament_install'
[9.036s] Level 1:colcon.colcon_core.package_identification:_identify(src/my_urdf_pkg) by extensions ['colcon_pkg']
[9.037s] Level 1:colcon.colcon_core.package_identification:_identify(src/my_urdf_pkg) by extension 'colcon_pkg'
[9.038s] Level 1:colcon.colcon_core.package_identification:_identify(src/my_urdf_pkg) by extensions ['colcon_meta']
[9.039s] Level 1:colcon.colcon_core.package_identification:_identify(src/my_urdf_pkg) by extension 'colcon_meta'
[9.040s] Level 1:colcon.colcon_core.package_identification:_identify(src/my_urdf_pkg) by extensions ['ros']
[9.041s] Level 1:colcon.colcon_core.package_identification:_identify(src/my_urdf_pkg) by extension 'ros'
[9.071s] DEBUG:colcon.colcon_core.package_identification:Package 'src/my_urdf_pkg' with type 'ros.ament_python' and name 'my_urdf_pkg'
[9.072s] Level 1:colcon.colcon_core.package_discovery:discover_packages(recursive) using defaults
[9.073s] Level 1:colcon.colcon_core.package_discovery:discover_packages(ignore) discover
[9.074s] Level 1:colcon.colcon_core.package_discovery:discover_packages(ignore) using defaults
[9.075s] Level 1:colcon.colcon_core.package_discovery:discover_packages(path) discover
[9.076s] Level 1:colcon.colcon_core.package_discovery:discover_packages(path) using defaults
[10.073s] Level 1:colcon.colcon_core.package_discovery:discover_packages(prefix_path) check parameters
[10.073s] Level 1:colcon.colcon_core.package_discovery:discover_packages(prefix_path) discover
[10.309s] DEBUG:colcon.colcon_installed_package_information.package_discovery:Found 1 installed packages in /home/bravenderbros/ros2_ws/install
[10.488s] DEBUG:colcon.colcon_installed_package_information.package_discovery:Found 272 installed packages in /opt/ros/humble
[10.497s] Level 1:colcon.colcon_core.package_discovery:discover_packages(prefix_path) using defaults
[11.392s] Level 5:colcon.colcon_core.verb:set package 'my_urdf_pkg' build argument 'cmake_args' from command line to 'None'
[11.393s] Level 5:colcon.colcon_core.verb:set package 'my_urdf_pkg' build argument 'cmake_target' from command line to 'None'
[11.394s] Level 5:colcon.colcon_core.verb:set package 'my_urdf_pkg' build argument 'cmake_target_skip_unavailable' from command line to 'False'
[11.394s] Level 5:colcon.colcon_core.verb:set package 'my_urdf_pkg' build argument 'cmake_clean_cache' from command line to 'False'
[11.395s] Level 5:colcon.colcon_core.verb:set package 'my_urdf_pkg' build argument 'cmake_clean_first' from command line to 'False'
[11.395s] Level 5:colcon.colcon_core.verb:set package 'my_urdf_pkg' build argument 'cmake_force_configure' from command line to 'False'
[11.395s] Level 5:colcon.colcon_core.verb:set package 'my_urdf_pkg' build argument 'ament_cmake_args' from command line to 'None'
[11.396s] Level 5:colcon.colcon_core.verb:set package 'my_urdf_pkg' build argument 'catkin_cmake_args' from command line to 'None'
[11.396s] Level 5:colcon.colcon_core.verb:set package 'my_urdf_pkg' build argument 'catkin_skip_building_tests' from command line to 'False'
[11.397s] DEBUG:colcon.colcon_core.verb:Building package 'my_urdf_pkg' with the following arguments: {'ament_cmake_args': None, 'build_base': '/home/bravenderbros/ros2_ws/build/my_urdf_pkg', 'catkin_cmake_args': None, 'catkin_skip_building_tests': False, 'cmake_args': None, 'cmake_clean_cache': False, 'cmake_clean_first': False, 'cmake_force_configure': False, 'cmake_target': None, 'cmake_target_skip_unavailable': False, 'install_base': '/home/bravenderbros/ros2_ws/install/my_urdf_pkg', 'merge_install': False, 'path': '/home/bravenderbros/ros2_ws/src/my_urdf_pkg', 'symlink_install': False, 'test_result_base': None}
[11.525s] INFO:colcon.colcon_core.executor:Executing jobs using 'parallel' executor
[11.627s] DEBUG:colcon.colcon_parallel_executor.executor.parallel:run_until_complete
[11.629s] INFO:colcon.colcon_ros.task.ament_python.build:Building ROS package in '/home/bravenderbros/ros2_ws/src/my_urdf_pkg' with build type 'ament_python'
[11.630s] Level 1:colcon.colcon_core.shell:create_environment_hook('my_urdf_pkg', 'ament_prefix_path')
[11.820s] INFO:colcon.colcon_core.plugin_system:Skipping extension 'colcon_core.shell.bat': Not used on non-Windows systems
[11.822s] INFO:colcon.colcon_core.shell:Creating environment hook '/home/bravenderbros/ros2_ws/install/my_urdf_pkg/share/my_urdf_pkg/hook/ament_prefix_path.ps1'
[11.826s] INFO:colcon.colcon_core.shell:Creating environment descriptor '/home/bravenderbros/ros2_ws/install/my_urdf_pkg/share/my_urdf_pkg/hook/ament_prefix_path.dsv'
[11.831s] INFO:colcon.colcon_core.shell:Creating environment hook '/home/bravenderbros/ros2_ws/install/my_urdf_pkg/share/my_urdf_pkg/hook/ament_prefix_path.sh'
[11.983s] INFO:colcon.colcon_core.shell:Skip shell extension 'powershell' for command environment: Not usable outside of PowerShell
[11.984s] DEBUG:colcon.colcon_core.shell:Skip shell extension 'dsv' for command environment
[15.840s] INFO:colcon.colcon_core.task.python.build:Building Python package in '/home/bravenderbros/ros2_ws/src/my_urdf_pkg'
[16.177s] INFO:colcon.colcon_core.shell:Skip shell extension 'powershell' for command environment: Not usable outside of PowerShell
[16.178s] DEBUG:colcon.colcon_core.shell:Skip shell extension 'dsv' for command environment
[21.649s] DEBUG:colcon.colcon_core.event_handler.log_command:Invoking command in '/home/bravenderbros/ros2_ws/src/my_urdf_pkg': PYTHONPATH=/home/bravenderbros/ros2_ws/build/my_urdf_pkg/prefix_override:/home/bravenderbros/ros2_ws/install/my_urdf_pkg/lib/python3.10/site-packages:${PYTHONPATH} /usr/bin/python3 setup.py egg_info --egg-base ../../build/my_urdf_pkg build --build-base /home/bravenderbros/ros2_ws/build/my_urdf_pkg/build install --record /home/bravenderbros/ros2_ws/build/my_urdf_pkg/install.log --single-version-externally-managed
[25.391s] DEBUG:colcon.colcon_core.event_handler.log_command:Invoked command in '/home/bravenderbros/ros2_ws/src/my_urdf_pkg' returned '0': PYTHONPATH=/home/bravenderbros/ros2_ws/build/my_urdf_pkg/prefix_override:/home/bravenderbros/ros2_ws/install/my_urdf_pkg/lib/python3.10/site-packages:${PYTHONPATH} /usr/bin/python3 setup.py egg_info --egg-base ../../build/my_urdf_pkg build --build-base /home/bravenderbros/ros2_ws/build/my_urdf_pkg/build install --record /home/bravenderbros/ros2_ws/build/my_urdf_pkg/install.log --single-version-externally-managed
[25.568s] Level 1:colcon.colcon_core.environment:checking '/home/bravenderbros/ros2_ws/install/my_urdf_pkg' for CMake module files
[25.571s] Level 1:colcon.colcon_core.environment:checking '/home/bravenderbros/ros2_ws/install/my_urdf_pkg' for CMake config files
[25.579s] Level 1:colcon.colcon_core.environment:checking '/home/bravenderbros/ros2_ws/install/my_urdf_pkg/lib'
[25.582s] Level 1:colcon.colcon_core.environment:checking '/home/bravenderbros/ros2_ws/install/my_urdf_pkg/bin'
[25.583s] Level 1:colcon.colcon_core.environment:checking '/home/bravenderbros/ros2_ws/install/my_urdf_pkg/lib/pkgconfig/my_urdf_pkg.pc'
[25.585s] Level 1:colcon.colcon_core.environment:checking '/home/bravenderbros/ros2_ws/install/my_urdf_pkg/lib/python3.10/site-packages'
[25.586s] Level 1:colcon.colcon_core.shell:create_environment_hook('my_urdf_pkg', 'pythonpath')
[25.762s] INFO:colcon.colcon_core.shell:Creating environment hook '/home/bravenderbros/ros2_ws/install/my_urdf_pkg/share/my_urdf_pkg/hook/pythonpath.ps1'
[25.769s] INFO:colcon.colcon_core.shell:Creating environment descriptor '/home/bravenderbros/ros2_ws/install/my_urdf_pkg/share/my_urdf_pkg/hook/pythonpath.dsv'
[25.774s] INFO:colcon.colcon_core.shell:Creating environment hook '/home/bravenderbros/ros2_ws/install/my_urdf_pkg/share/my_urdf_pkg/hook/pythonpath.sh'
[25.782s] Level 1:colcon.colcon_core.environment:checking '/home/bravenderbros/ros2_ws/install/my_urdf_pkg/bin'
[25.784s] Level 1:colcon.colcon_core.environment:create_environment_scripts_only(my_urdf_pkg)
[25.904s] INFO:colcon.colcon_core.shell:Creating package script '/home/bravenderbros/ros2_ws/install/my_urdf_pkg/share/my_urdf_pkg/package.ps1'
[25.911s] INFO:colcon.colcon_core.shell:Creating package descriptor '/home/bravenderbros/ros2_ws/install/my_urdf_pkg/share/my_urdf_pkg/package.dsv'
[25.918s] INFO:colcon.colcon_core.shell:Creating package script '/home/bravenderbros/ros2_ws/install/my_urdf_pkg/share/my_urdf_pkg/package.sh'
[25.924s] INFO:colcon.colcon_core.shell:Creating package script '/home/bravenderbros/ros2_ws/install/my_urdf_pkg/share/my_urdf_pkg/package.bash'
[25.930s] INFO:colcon.colcon_core.shell:Creating package script '/home/bravenderbros/ros2_ws/install/my_urdf_pkg/share/my_urdf_pkg/package.zsh'
[25.935s] Level 1:colcon.colcon_core.environment:create_file_with_runtime_dependencies(/home/bravenderbros/ros2_ws/install/my_urdf_pkg/share/colcon-core/packages/my_urdf_pkg)
[25.938s] DEBUG:colcon.colcon_parallel_executor.executor.parallel:closing loop
[25.940s] DEBUG:colcon.colcon_parallel_executor.executor.parallel:loop closed
[25.941s] DEBUG:colcon.colcon_parallel_executor.executor.parallel:run_until_complete finished with '0'
[25.942s] DEBUG:colcon.colcon_core.event_reactor:joining thread
[26.177s] INFO:colcon.colcon_core.plugin_system:Skipping extension 'colcon_notification.desktop_notification.terminal_notifier': Not used on non-Darwin systems
[26.178s] INFO:colcon.colcon_core.plugin_system:Skipping extension 'colcon_notification.desktop_notification.win32': Not used on non-Windows systems
[26.179s] INFO:colcon.colcon_notification.desktop_notification:Sending desktop notification using 'notify2'
[26.447s] DEBUG:colcon.colcon_core.event_reactor:joined thread
[26.945s] INFO:colcon.colcon_core.shell:Creating prefix script '/home/bravenderbros/ros2_ws/install/local_setup.ps1'
[26.955s] INFO:colcon.colcon_core.shell:Creating prefix util module '/home/bravenderbros/ros2_ws/install/_local_setup_util_ps1.py'
[26.968s] INFO:colcon.colcon_core.shell:Creating prefix chain script '/home/bravenderbros/ros2_ws/install/setup.ps1'
[27.335s] INFO:colcon.colcon_core.shell:Creating prefix script '/home/bravenderbros/ros2_ws/install/local_setup.sh'
[27.343s] INFO:colcon.colcon_core.shell:Creating prefix util module '/home/bravenderbros/ros2_ws/install/_local_setup_util_sh.py'
[27.349s] INFO:colcon.colcon_core.shell:Creating prefix chain script '/home/bravenderbros/ros2_ws/install/setup.sh'
[27.504s] INFO:colcon.colcon_core.shell:Creating prefix script '/home/bravenderbros/ros2_ws/install/local_setup.bash'
[27.509s] INFO:colcon.colcon_core.shell:Creating prefix chain script '/home/bravenderbros/ros2_ws/install/setup.bash'
[27.672s] INFO:colcon.colcon_core.shell:Creating prefix script '/home/bravenderbros/ros2_ws/install/local_setup.zsh'
[27.677s] INFO:colcon.colcon_core.shell:Creating prefix chain script '/home/bravenderbros/ros2_ws/install/setup.zsh'
