[4.342s] DEBUG:colcon:Command line arguments: ['/usr/bin/colcon', 'build']
[4.342s] DEBUG:colcon:Parsed command line arguments: Namespace(log_base=None, log_level=None, verb_name='build', build_base='build', install_base='install', merge_install=False, symlink_install=False, test_result_base=None, continue_on_error=False, executor='parallel', parallel_workers=4, event_handlers=None, ignore_user_meta=False, metas=['./colcon.meta'], base_paths=['.'], packages_ignore=None, packages_ignore_regex=None, paths=None, packages_up_to=None, packages_up_to_regex=None, packages_above=None, packages_above_and_dependencies=None, packages_above_depth=None, packages_select_by_dep=None, packages_skip_by_dep=None, packages_skip_up_to=None, packages_select_build_failed=False, packages_skip_build_finished=False, packages_select_test_failures=False, packages_skip_test_passed=False, packages_select=None, packages_skip=None, packages_select_regex=None, packages_skip_regex=None, packages_start=None, packages_end=None, allow_overriding=[], cmake_args=None, cmake_target=None, cmake_target_skip_unavailable=False, cmake_clean_cache=False, cmake_clean_first=False, cmake_force_configure=False, ament_cmake_args=None, catkin_cmake_args=None, catkin_skip_building_tests=False, verb_parser=<colcon_defaults.argument_parser.defaults.DefaultArgumentsDecorator object at 0x7f3857f46d40>, verb_extension=<colcon_core.verb.build.BuildVerb object at 0x7f38583dbe50>, main=<bound method BuildVerb.main of <colcon_core.verb.build.BuildVerb object at 0x7f38583dbe50>>)
[4.587s] Level 1:colcon.colcon_core.package_discovery:discover_packages(colcon_meta) check parameters
[4.587s] Level 1:colcon.colcon_core.package_discovery:discover_packages(recursive) check parameters
[4.587s] Level 1:colcon.colcon_core.package_discovery:discover_packages(ignore) check parameters
[4.587s] Level 1:colcon.colcon_core.package_discovery:discover_packages(path) check parameters
[4.587s] Level 1:colcon.colcon_core.package_discovery:discover_packages(colcon_meta) discover
[4.589s] Level 1:colcon.colcon_core.package_discovery:discover_packages(recursive) discover
[4.589s] INFO:colcon.colcon_core.package_discovery:Crawling recursively for packages in '/home/ayden/learn_ros2_ws'
[4.589s] Level 1:colcon.colcon_core.package_identification:_identify(.) by extensions ['ignore', 'ignore_ament_install']
[4.589s] Level 1:colcon.colcon_core.package_identification:_identify(.) by extension 'ignore'
[4.590s] Level 1:colcon.colcon_core.package_identification:_identify(.) by extension 'ignore_ament_install'
[4.590s] Level 1:colcon.colcon_core.package_identification:_identify(.) by extensions ['colcon_pkg']
[4.590s] Level 1:colcon.colcon_core.package_identification:_identify(.) by extension 'colcon_pkg'
[4.590s] Level 1:colcon.colcon_core.package_identification:_identify(.) by extensions ['colcon_meta']
[4.590s] Level 1:colcon.colcon_core.package_identification:_identify(.) by extension 'colcon_meta'
[4.591s] Level 1:colcon.colcon_core.package_identification:_identify(.) by extensions ['ros']
[4.591s] Level 1:colcon.colcon_core.package_identification:_identify(.) by extension 'ros'
[4.624s] Level 1:colcon.colcon_core.package_identification:_identify(.) by extensions ['cmake', 'python']
[4.624s] Level 1:colcon.colcon_core.package_identification:_identify(.) by extension 'cmake'
[4.624s] Level 1:colcon.colcon_core.package_identification:_identify(.) by extension 'python'
[4.624s] Level 1:colcon.colcon_core.package_identification:_identify(.) by extensions ['python_setup_py']
[4.625s] Level 1:colcon.colcon_core.package_identification:_identify(.) by extension 'python_setup_py'
[4.625s] Level 1:colcon.colcon_core.package_identification:_identify(build) by extensions ['ignore', 'ignore_ament_install']
[4.625s] Level 1:colcon.colcon_core.package_identification:_identify(build) by extension 'ignore'
[4.626s] Level 1:colcon.colcon_core.package_identification:_identify(build) ignored
[4.626s] Level 1:colcon.colcon_core.package_identification:_identify(install) by extensions ['ignore', 'ignore_ament_install']
[4.626s] Level 1:colcon.colcon_core.package_identification:_identify(install) by extension 'ignore'
[4.627s] Level 1:colcon.colcon_core.package_identification:_identify(install) ignored
[4.627s] Level 1:colcon.colcon_core.package_identification:_identify(log) by extensions ['ignore', 'ignore_ament_install']
[4.627s] Level 1:colcon.colcon_core.package_identification:_identify(log) by extension 'ignore'
[4.627s] Level 1:colcon.colcon_core.package_identification:_identify(log) ignored
[4.628s] Level 1:colcon.colcon_core.package_identification:_identify(src) by extensions ['ignore', 'ignore_ament_install']
[4.628s] Level 1:colcon.colcon_core.package_identification:_identify(src) by extension 'ignore'
[4.628s] Level 1:colcon.colcon_core.package_identification:_identify(src) by extension 'ignore_ament_install'
[4.628s] Level 1:colcon.colcon_core.package_identification:_identify(src) by extensions ['colcon_pkg']
[4.628s] Level 1:colcon.colcon_core.package_identification:_identify(src) by extension 'colcon_pkg'
[4.628s] Level 1:colcon.colcon_core.package_identification:_identify(src) by extensions ['colcon_meta']
[4.629s] Level 1:colcon.colcon_core.package_identification:_identify(src) by extension 'colcon_meta'
[4.629s] Level 1:colcon.colcon_core.package_identification:_identify(src) by extensions ['ros']
[4.629s] Level 1:colcon.colcon_core.package_identification:_identify(src) by extension 'ros'
[4.629s] Level 1:colcon.colcon_core.package_identification:_identify(src) by extensions ['cmake', 'python']
[4.629s] Level 1:colcon.colcon_core.package_identification:_identify(src) by extension 'cmake'
[4.629s] Level 1:colcon.colcon_core.package_identification:_identify(src) by extension 'python'
[4.629s] Level 1:colcon.colcon_core.package_identification:_identify(src) by extensions ['python_setup_py']
[4.630s] Level 1:colcon.colcon_core.package_identification:_identify(src) by extension 'python_setup_py'
[4.630s] Level 1:colcon.colcon_core.package_identification:_identify(src/my_robot_controller) by extensions ['ignore', 'ignore_ament_install']
[4.630s] Level 1:colcon.colcon_core.package_identification:_identify(src/my_robot_controller) by extension 'ignore'
[4.630s] Level 1:colcon.colcon_core.package_identification:_identify(src/my_robot_controller) by extension 'ignore_ament_install'
[4.630s] Level 1:colcon.colcon_core.package_identification:_identify(src/my_robot_controller) by extensions ['colcon_pkg']
[4.631s] Level 1:colcon.colcon_core.package_identification:_identify(src/my_robot_controller) by extension 'colcon_pkg'
[4.631s] Level 1:colcon.colcon_core.package_identification:_identify(src/my_robot_controller) by extensions ['colcon_meta']
[4.631s] Level 1:colcon.colcon_core.package_identification:_identify(src/my_robot_controller) by extension 'colcon_meta'
[4.631s] Level 1:colcon.colcon_core.package_identification:_identify(src/my_robot_controller) by extensions ['ros']
[4.631s] Level 1:colcon.colcon_core.package_identification:_identify(src/my_robot_controller) by extension 'ros'
[4.640s] DEBUG:colcon.colcon_core.package_identification:Package 'src/my_robot_controller' with type 'ros.ament_python' and name 'my_robot_controller'
[4.641s] Level 1:colcon.colcon_core.package_identification:_identify(src/my_urdf_pkg) by extensions ['ignore', 'ignore_ament_install']
[4.641s] Level 1:colcon.colcon_core.package_identification:_identify(src/my_urdf_pkg) by extension 'ignore'
[4.641s] Level 1:colcon.colcon_core.package_identification:_identify(src/my_urdf_pkg) by extension 'ignore_ament_install'
[4.641s] Level 1:colcon.colcon_core.package_identification:_identify(src/my_urdf_pkg) by extensions ['colcon_pkg']
[4.642s] Level 1:colcon.colcon_core.package_identification:_identify(src/my_urdf_pkg) by extension 'colcon_pkg'
[4.642s] Level 1:colcon.colcon_core.package_identification:_identify(src/my_urdf_pkg) by extensions ['colcon_meta']
[4.642s] Level 1:colcon.colcon_core.package_identification:_identify(src/my_urdf_pkg) by extension 'colcon_meta'
[4.642s] Level 1:colcon.colcon_core.package_identification:_identify(src/my_urdf_pkg) by extensions ['ros']
[4.642s] Level 1:colcon.colcon_core.package_identification:_identify(src/my_urdf_pkg) by extension 'ros'
[4.644s] DEBUG:colcon.colcon_core.package_identification:Package 'src/my_urdf_pkg' with type 'ros.ament_cmake' and name 'my_urdf_pkg'
[4.644s] Level 1:colcon.colcon_core.package_discovery:discover_packages(recursive) using defaults
[4.644s] Level 1:colcon.colcon_core.package_discovery:discover_packages(ignore) discover
[4.644s] Level 1:colcon.colcon_core.package_discovery:discover_packages(ignore) using defaults
[4.644s] Level 1:colcon.colcon_core.package_discovery:discover_packages(path) discover
[4.644s] Level 1:colcon.colcon_core.package_discovery:discover_packages(path) using defaults
[5.170s] Level 1:colcon.colcon_core.package_discovery:discover_packages(prefix_path) check parameters
[5.170s] Level 1:colcon.colcon_core.package_discovery:discover_packages(prefix_path) discover
[5.277s] DEBUG:colcon.colcon_installed_package_information.package_discovery:Found 1 installed packages in /home/ayden/ros2_ws/install
[5.356s] DEBUG:colcon.colcon_installed_package_information.package_discovery:Found 1 installed packages in /home/ayden/science_fair_ws/install
[5.418s] DEBUG:colcon.colcon_installed_package_information.package_discovery:Found 380 installed packages in /opt/ros/humble
[5.426s] Level 1:colcon.colcon_core.package_discovery:discover_packages(prefix_path) using defaults
[5.783s] Level 5:colcon.colcon_core.verb:set package 'my_robot_controller' build argument 'cmake_args' from command line to 'None'
[5.783s] Level 5:colcon.colcon_core.verb:set package 'my_robot_controller' build argument 'cmake_target' from command line to 'None'
[5.783s] Level 5:colcon.colcon_core.verb:set package 'my_robot_controller' build argument 'cmake_target_skip_unavailable' from command line to 'False'
[5.783s] Level 5:colcon.colcon_core.verb:set package 'my_robot_controller' build argument 'cmake_clean_cache' from command line to 'False'
[5.783s] Level 5:colcon.colcon_core.verb:set package 'my_robot_controller' build argument 'cmake_clean_first' from command line to 'False'
[5.783s] Level 5:colcon.colcon_core.verb:set package 'my_robot_controller' build argument 'cmake_force_configure' from command line to 'False'
[5.784s] Level 5:colcon.colcon_core.verb:set package 'my_robot_controller' build argument 'ament_cmake_args' from command line to 'None'
[5.784s] Level 5:colcon.colcon_core.verb:set package 'my_robot_controller' build argument 'catkin_cmake_args' from command line to 'None'
[5.784s] Level 5:colcon.colcon_core.verb:set package 'my_robot_controller' build argument 'catkin_skip_building_tests' from command line to 'False'
[5.784s] DEBUG:colcon.colcon_core.verb:Building package 'my_robot_controller' with the following arguments: {'ament_cmake_args': None, 'build_base': '/home/ayden/learn_ros2_ws/build/my_robot_controller', 'catkin_cmake_args': None, 'catkin_skip_building_tests': False, 'cmake_args': None, 'cmake_clean_cache': False, 'cmake_clean_first': False, 'cmake_force_configure': False, 'cmake_target': None, 'cmake_target_skip_unavailable': False, 'install_base': '/home/ayden/learn_ros2_ws/install/my_robot_controller', 'merge_install': False, 'path': '/home/ayden/learn_ros2_ws/src/my_robot_controller', 'symlink_install': False, 'test_result_base': None}
[5.841s] Level 5:colcon.colcon_core.verb:set package 'my_urdf_pkg' build argument 'cmake_args' from command line to 'None'
[5.841s] Level 5:colcon.colcon_core.verb:set package 'my_urdf_pkg' build argument 'cmake_target' from command line to 'None'
[5.841s] Level 5:colcon.colcon_core.verb:set package 'my_urdf_pkg' build argument 'cmake_target_skip_unavailable' from command line to 'False'
[5.842s] Level 5:colcon.colcon_core.verb:set package 'my_urdf_pkg' build argument 'cmake_clean_cache' from command line to 'False'
[5.842s] Level 5:colcon.colcon_core.verb:set package 'my_urdf_pkg' build argument 'cmake_clean_first' from command line to 'False'
[5.842s] Level 5:colcon.colcon_core.verb:set package 'my_urdf_pkg' build argument 'cmake_force_configure' from command line to 'False'
[5.842s] Level 5:colcon.colcon_core.verb:set package 'my_urdf_pkg' build argument 'ament_cmake_args' from command line to 'None'
[5.842s] Level 5:colcon.colcon_core.verb:set package 'my_urdf_pkg' build argument 'catkin_cmake_args' from command line to 'None'
[5.842s] Level 5:colcon.colcon_core.verb:set package 'my_urdf_pkg' build argument 'catkin_skip_building_tests' from command line to 'False'
[5.842s] DEBUG:colcon.colcon_core.verb:Building package 'my_urdf_pkg' with the following arguments: {'ament_cmake_args': None, 'build_base': '/home/ayden/learn_ros2_ws/build/my_urdf_pkg', 'catkin_cmake_args': None, 'catkin_skip_building_tests': False, 'cmake_args': None, 'cmake_clean_cache': False, 'cmake_clean_first': False, 'cmake_force_configure': False, 'cmake_target': None, 'cmake_target_skip_unavailable': False, 'install_base': '/home/ayden/learn_ros2_ws/install/my_urdf_pkg', 'merge_install': False, 'path': '/home/ayden/learn_ros2_ws/src/my_urdf_pkg', 'symlink_install': False, 'test_result_base': None}
[5.895s] INFO:colcon.colcon_core.executor:Executing jobs using 'parallel' executor
[5.959s] DEBUG:colcon.colcon_parallel_executor.executor.parallel:run_until_complete
[5.960s] INFO:colcon.colcon_ros.task.ament_python.build:Building ROS package in '/home/ayden/learn_ros2_ws/src/my_robot_controller' with build type 'ament_python'
[5.961s] Level 1:colcon.colcon_core.shell:create_environment_hook('my_robot_controller', 'ament_prefix_path')
[6.027s] INFO:colcon.colcon_core.plugin_system:Skipping extension 'colcon_core.shell.bat': Not used on non-Windows systems
[6.028s] INFO:colcon.colcon_core.shell:Creating environment hook '/home/ayden/learn_ros2_ws/install/my_robot_controller/share/my_robot_controller/hook/ament_prefix_path.ps1'
[6.030s] INFO:colcon.colcon_core.shell:Creating environment descriptor '/home/ayden/learn_ros2_ws/install/my_robot_controller/share/my_robot_controller/hook/ament_prefix_path.dsv'
[6.031s] INFO:colcon.colcon_core.shell:Creating environment hook '/home/ayden/learn_ros2_ws/install/my_robot_controller/share/my_robot_controller/hook/ament_prefix_path.sh'
[6.105s] INFO:colcon.colcon_core.shell:Skip shell extension 'powershell' for command environment: Not usable outside of PowerShell
[6.105s] DEBUG:colcon.colcon_core.shell:Skip shell extension 'dsv' for command environment
[6.345s] INFO:colcon.colcon_ros.task.ament_cmake.build:Building ROS package in '/home/ayden/learn_ros2_ws/src/my_urdf_pkg' with build type 'ament_cmake'
[6.345s] INFO:colcon.colcon_cmake.task.cmake.build:Building CMake package in '/home/ayden/learn_ros2_ws/src/my_urdf_pkg'
[6.411s] INFO:colcon.colcon_core.shell:Skip shell extension 'powershell' for command environment: Not usable outside of PowerShell
[6.411s] DEBUG:colcon.colcon_core.shell:Skip shell extension 'dsv' for command environment
[7.774s] INFO:colcon.colcon_core.task.python.build:Building Python package in '/home/ayden/learn_ros2_ws/src/my_robot_controller'
[7.838s] INFO:colcon.colcon_core.shell:Skip shell extension 'powershell' for command environment: Not usable outside of PowerShell
[7.838s] DEBUG:colcon.colcon_core.shell:Skip shell extension 'dsv' for command environment
[8.114s] DEBUG:colcon.colcon_core.event_handler.log_command:Invoking command in '/home/ayden/learn_ros2_ws/build/my_urdf_pkg': CMAKE_PREFIX_PATH=/home/ayden/science_fair_ws/install/vine_robot:/home/ayden/ros2_ws/install/my_robot_controller:/opt/ros/humble /usr/bin/cmake --build /home/ayden/learn_ros2_ws/build/my_urdf_pkg -- -j4 -l4
[8.297s] DEBUG:colcon.colcon_core.event_handler.log_command:Invoked command in '/home/ayden/learn_ros2_ws/build/my_urdf_pkg' returned '0': CMAKE_PREFIX_PATH=/home/ayden/science_fair_ws/install/vine_robot:/home/ayden/ros2_ws/install/my_robot_controller:/opt/ros/humble /usr/bin/cmake --build /home/ayden/learn_ros2_ws/build/my_urdf_pkg -- -j4 -l4
[8.399s] DEBUG:colcon.colcon_core.event_handler.log_command:Invoking command in '/home/ayden/learn_ros2_ws/build/my_urdf_pkg': CMAKE_PREFIX_PATH=/home/ayden/science_fair_ws/install/vine_robot:/home/ayden/ros2_ws/install/my_robot_controller:/opt/ros/humble /usr/bin/cmake --install /home/ayden/learn_ros2_ws/build/my_urdf_pkg
[8.445s] Level 1:colcon.colcon_core.environment:create_environment_scripts_only(my_urdf_pkg)
[8.447s] DEBUG:colcon.colcon_core.event_handler.log_command:Invoked command in '/home/ayden/learn_ros2_ws/build/my_urdf_pkg' returned '0': CMAKE_PREFIX_PATH=/home/ayden/science_fair_ws/install/vine_robot:/home/ayden/ros2_ws/install/my_robot_controller:/opt/ros/humble /usr/bin/cmake --install /home/ayden/learn_ros2_ws/build/my_urdf_pkg
[8.559s] Level 1:colcon.colcon_core.environment:checking '/home/ayden/learn_ros2_ws/install/my_urdf_pkg' for CMake module files
[8.561s] Level 1:colcon.colcon_core.environment:checking '/home/ayden/learn_ros2_ws/install/my_urdf_pkg' for CMake config files
[8.563s] Level 1:colcon.colcon_core.shell:create_environment_hook('my_urdf_pkg', 'cmake_prefix_path')
[8.662s] INFO:colcon.colcon_core.shell:Creating environment hook '/home/ayden/learn_ros2_ws/install/my_urdf_pkg/share/my_urdf_pkg/hook/cmake_prefix_path.ps1'
[8.663s] INFO:colcon.colcon_core.shell:Creating environment descriptor '/home/ayden/learn_ros2_ws/install/my_urdf_pkg/share/my_urdf_pkg/hook/cmake_prefix_path.dsv'
[8.664s] INFO:colcon.colcon_core.shell:Creating environment hook '/home/ayden/learn_ros2_ws/install/my_urdf_pkg/share/my_urdf_pkg/hook/cmake_prefix_path.sh'
[8.667s] Level 1:colcon.colcon_core.environment:checking '/home/ayden/learn_ros2_ws/install/my_urdf_pkg/lib'
[8.668s] Level 1:colcon.colcon_core.environment:checking '/home/ayden/learn_ros2_ws/install/my_urdf_pkg/bin'
[8.669s] Level 1:colcon.colcon_core.environment:checking '/home/ayden/learn_ros2_ws/install/my_urdf_pkg/lib/pkgconfig/my_urdf_pkg.pc'
[8.669s] Level 1:colcon.colcon_core.environment:checking '/home/ayden/learn_ros2_ws/install/my_urdf_pkg/lib/python3.10/site-packages'
[8.669s] Level 1:colcon.colcon_core.shell:create_environment_hook('my_urdf_pkg', 'pythonpath')
[8.756s] INFO:colcon.colcon_core.shell:Creating environment hook '/home/ayden/learn_ros2_ws/install/my_urdf_pkg/share/my_urdf_pkg/hook/pythonpath.ps1'
[8.758s] INFO:colcon.colcon_core.shell:Creating environment descriptor '/home/ayden/learn_ros2_ws/install/my_urdf_pkg/share/my_urdf_pkg/hook/pythonpath.dsv'
[8.760s] INFO:colcon.colcon_core.shell:Creating environment hook '/home/ayden/learn_ros2_ws/install/my_urdf_pkg/share/my_urdf_pkg/hook/pythonpath.sh'
[8.772s] Level 1:colcon.colcon_core.environment:checking '/home/ayden/learn_ros2_ws/install/my_urdf_pkg/bin'
[8.921s] INFO:colcon.colcon_core.shell:Creating package script '/home/ayden/learn_ros2_ws/install/my_urdf_pkg/share/my_urdf_pkg/package.ps1'
[8.924s] INFO:colcon.colcon_core.shell:Creating package descriptor '/home/ayden/learn_ros2_ws/install/my_urdf_pkg/share/my_urdf_pkg/package.dsv'
[8.926s] INFO:colcon.colcon_core.shell:Creating package script '/home/ayden/learn_ros2_ws/install/my_urdf_pkg/share/my_urdf_pkg/package.sh'
[8.934s] INFO:colcon.colcon_core.shell:Creating package script '/home/ayden/learn_ros2_ws/install/my_urdf_pkg/share/my_urdf_pkg/package.bash'
[8.937s] INFO:colcon.colcon_core.shell:Creating package script '/home/ayden/learn_ros2_ws/install/my_urdf_pkg/share/my_urdf_pkg/package.zsh'
[8.939s] Level 1:colcon.colcon_core.environment:create_file_with_runtime_dependencies(/home/ayden/learn_ros2_ws/install/my_urdf_pkg/share/colcon-core/packages/my_urdf_pkg)
[9.181s] Level 1:colcon.colcon_core.environment:create_environment_scripts_only(my_urdf_pkg)
[9.295s] Level 1:colcon.colcon_core.environment:checking '/home/ayden/learn_ros2_ws/install/my_urdf_pkg' for CMake module files
[9.300s] Level 1:colcon.colcon_core.environment:checking '/home/ayden/learn_ros2_ws/install/my_urdf_pkg' for CMake config files
[9.302s] Level 1:colcon.colcon_core.shell:create_environment_hook('my_urdf_pkg', 'cmake_prefix_path')
[9.388s] INFO:colcon.colcon_core.shell:Creating environment hook '/home/ayden/learn_ros2_ws/install/my_urdf_pkg/share/my_urdf_pkg/hook/cmake_prefix_path.ps1'
[9.389s] INFO:colcon.colcon_core.shell:Creating environment descriptor '/home/ayden/learn_ros2_ws/install/my_urdf_pkg/share/my_urdf_pkg/hook/cmake_prefix_path.dsv'
[9.390s] INFO:colcon.colcon_core.shell:Creating environment hook '/home/ayden/learn_ros2_ws/install/my_urdf_pkg/share/my_urdf_pkg/hook/cmake_prefix_path.sh'
[9.392s] Level 1:colcon.colcon_core.environment:checking '/home/ayden/learn_ros2_ws/install/my_urdf_pkg/lib'
[9.392s] Level 1:colcon.colcon_core.environment:checking '/home/ayden/learn_ros2_ws/install/my_urdf_pkg/bin'
[9.392s] Level 1:colcon.colcon_core.environment:checking '/home/ayden/learn_ros2_ws/install/my_urdf_pkg/lib/pkgconfig/my_urdf_pkg.pc'
[9.393s] Level 1:colcon.colcon_core.environment:checking '/home/ayden/learn_ros2_ws/install/my_urdf_pkg/lib/python3.10/site-packages'
[9.393s] Level 1:colcon.colcon_core.shell:create_environment_hook('my_urdf_pkg', 'pythonpath')
[9.556s] INFO:colcon.colcon_core.shell:Creating environment hook '/home/ayden/learn_ros2_ws/install/my_urdf_pkg/share/my_urdf_pkg/hook/pythonpath.ps1'
[9.562s] INFO:colcon.colcon_core.shell:Creating environment descriptor '/home/ayden/learn_ros2_ws/install/my_urdf_pkg/share/my_urdf_pkg/hook/pythonpath.dsv'
[9.563s] INFO:colcon.colcon_core.shell:Creating environment hook '/home/ayden/learn_ros2_ws/install/my_urdf_pkg/share/my_urdf_pkg/hook/pythonpath.sh'
[9.565s] Level 1:colcon.colcon_core.environment:checking '/home/ayden/learn_ros2_ws/install/my_urdf_pkg/bin'
[9.659s] INFO:colcon.colcon_core.shell:Creating package script '/home/ayden/learn_ros2_ws/install/my_urdf_pkg/share/my_urdf_pkg/package.ps1'
[9.661s] INFO:colcon.colcon_core.shell:Creating package descriptor '/home/ayden/learn_ros2_ws/install/my_urdf_pkg/share/my_urdf_pkg/package.dsv'
[9.663s] INFO:colcon.colcon_core.shell:Creating package script '/home/ayden/learn_ros2_ws/install/my_urdf_pkg/share/my_urdf_pkg/package.sh'
[9.667s] INFO:colcon.colcon_core.shell:Creating package script '/home/ayden/learn_ros2_ws/install/my_urdf_pkg/share/my_urdf_pkg/package.bash'
[9.671s] INFO:colcon.colcon_core.shell:Creating package script '/home/ayden/learn_ros2_ws/install/my_urdf_pkg/share/my_urdf_pkg/package.zsh'
[9.674s] Level 1:colcon.colcon_core.environment:create_file_with_runtime_dependencies(/home/ayden/learn_ros2_ws/install/my_urdf_pkg/share/colcon-core/packages/my_urdf_pkg)
[10.020s] DEBUG:colcon.colcon_core.event_handler.log_command:Invoking command in '/home/ayden/learn_ros2_ws/src/my_robot_controller': PYTHONPATH=/home/ayden/learn_ros2_ws/build/my_robot_controller/prefix_override:/home/ayden/learn_ros2_ws/install/my_robot_controller/lib/python3.10/site-packages:${PYTHONPATH} /usr/bin/python3 setup.py egg_info --egg-base ../../build/my_robot_controller build --build-base /home/ayden/learn_ros2_ws/build/my_robot_controller/build install --record /home/ayden/learn_ros2_ws/build/my_robot_controller/install.log --single-version-externally-managed
[11.575s] DEBUG:colcon.colcon_core.event_handler.log_command:Invoked command in '/home/ayden/learn_ros2_ws/src/my_robot_controller' returned '0': PYTHONPATH=/home/ayden/learn_ros2_ws/build/my_robot_controller/prefix_override:/home/ayden/learn_ros2_ws/install/my_robot_controller/lib/python3.10/site-packages:${PYTHONPATH} /usr/bin/python3 setup.py egg_info --egg-base ../../build/my_robot_controller build --build-base /home/ayden/learn_ros2_ws/build/my_robot_controller/build install --record /home/ayden/learn_ros2_ws/build/my_robot_controller/install.log --single-version-externally-managed
[11.719s] Level 1:colcon.colcon_core.environment:checking '/home/ayden/learn_ros2_ws/install/my_robot_controller' for CMake module files
[11.721s] Level 1:colcon.colcon_core.environment:checking '/home/ayden/learn_ros2_ws/install/my_robot_controller' for CMake config files
[11.723s] Level 1:colcon.colcon_core.environment:checking '/home/ayden/learn_ros2_ws/install/my_robot_controller/lib'
[11.724s] Level 1:colcon.colcon_core.environment:checking '/home/ayden/learn_ros2_ws/install/my_robot_controller/bin'
[11.724s] Level 1:colcon.colcon_core.environment:checking '/home/ayden/learn_ros2_ws/install/my_robot_controller/lib/pkgconfig/my_robot_controller.pc'
[11.725s] Level 1:colcon.colcon_core.environment:checking '/home/ayden/learn_ros2_ws/install/my_robot_controller/lib/python3.10/site-packages'
[11.725s] Level 1:colcon.colcon_core.shell:create_environment_hook('my_robot_controller', 'pythonpath')
[11.844s] INFO:colcon.colcon_core.shell:Creating environment hook '/home/ayden/learn_ros2_ws/install/my_robot_controller/share/my_robot_controller/hook/pythonpath.ps1'
[11.845s] INFO:colcon.colcon_core.shell:Creating environment descriptor '/home/ayden/learn_ros2_ws/install/my_robot_controller/share/my_robot_controller/hook/pythonpath.dsv'
[11.851s] INFO:colcon.colcon_core.shell:Creating environment hook '/home/ayden/learn_ros2_ws/install/my_robot_controller/share/my_robot_controller/hook/pythonpath.sh'
[11.853s] Level 1:colcon.colcon_core.environment:checking '/home/ayden/learn_ros2_ws/install/my_robot_controller/bin'
[11.853s] Level 1:colcon.colcon_core.environment:create_environment_scripts_only(my_robot_controller)
[11.917s] INFO:colcon.colcon_core.shell:Creating package script '/home/ayden/learn_ros2_ws/install/my_robot_controller/share/my_robot_controller/package.ps1'
[11.919s] INFO:colcon.colcon_core.shell:Creating package descriptor '/home/ayden/learn_ros2_ws/install/my_robot_controller/share/my_robot_controller/package.dsv'
[11.921s] INFO:colcon.colcon_core.shell:Creating package script '/home/ayden/learn_ros2_ws/install/my_robot_controller/share/my_robot_controller/package.sh'
[11.927s] INFO:colcon.colcon_core.shell:Creating package script '/home/ayden/learn_ros2_ws/install/my_robot_controller/share/my_robot_controller/package.bash'
[11.928s] INFO:colcon.colcon_core.shell:Creating package script '/home/ayden/learn_ros2_ws/install/my_robot_controller/share/my_robot_controller/package.zsh'
[11.929s] Level 1:colcon.colcon_core.environment:create_file_with_runtime_dependencies(/home/ayden/learn_ros2_ws/install/my_robot_controller/share/colcon-core/packages/my_robot_controller)
[11.930s] DEBUG:colcon.colcon_parallel_executor.executor.parallel:closing loop
[11.931s] DEBUG:colcon.colcon_parallel_executor.executor.parallel:loop closed
[11.931s] DEBUG:colcon.colcon_parallel_executor.executor.parallel:run_until_complete finished with '0'
[11.936s] DEBUG:colcon.colcon_core.event_reactor:joining thread
[12.080s] INFO:colcon.colcon_core.plugin_system:Skipping extension 'colcon_notification.desktop_notification.notify_send': Could not find 'notify-send'
[12.081s] INFO:colcon.colcon_core.plugin_system:Skipping extension 'colcon_notification.desktop_notification.terminal_notifier': Not used on non-Darwin systems
[12.081s] INFO:colcon.colcon_core.plugin_system:Skipping extension 'colcon_notification.desktop_notification.win32': Not used on non-Windows systems
[12.081s] INFO:colcon.colcon_notification.desktop_notification:Sending desktop notification using 'notify2'
[12.084s] DEBUG:colcon.colcon_notification.desktop_notification.notify2:Failed to initialize notify2: org.freedesktop.DBus.Error.ServiceUnknown: The name org.freedesktop.Notifications was not provided by any .service files
[12.084s] DEBUG:colcon.colcon_core.event_reactor:joined thread
[12.157s] INFO:colcon.colcon_core.shell:Creating prefix script '/home/ayden/learn_ros2_ws/install/local_setup.ps1'
[12.160s] INFO:colcon.colcon_core.shell:Creating prefix util module '/home/ayden/learn_ros2_ws/install/_local_setup_util_ps1.py'
[12.164s] INFO:colcon.colcon_core.shell:Creating prefix chain script '/home/ayden/learn_ros2_ws/install/setup.ps1'
[12.233s] INFO:colcon.colcon_core.shell:Creating prefix script '/home/ayden/learn_ros2_ws/install/local_setup.sh'
[12.235s] INFO:colcon.colcon_core.shell:Creating prefix util module '/home/ayden/learn_ros2_ws/install/_local_setup_util_sh.py'
[12.237s] INFO:colcon.colcon_core.shell:Creating prefix chain script '/home/ayden/learn_ros2_ws/install/setup.sh'
[12.319s] INFO:colcon.colcon_core.shell:Creating prefix script '/home/ayden/learn_ros2_ws/install/local_setup.bash'
[12.321s] INFO:colcon.colcon_core.shell:Creating prefix chain script '/home/ayden/learn_ros2_ws/install/setup.bash'
[12.433s] INFO:colcon.colcon_core.shell:Creating prefix script '/home/ayden/learn_ros2_ws/install/local_setup.zsh'
[12.435s] INFO:colcon.colcon_core.shell:Creating prefix chain script '/home/ayden/learn_ros2_ws/install/setup.zsh'
