[5.198s] Invoking command in '/home/ayden/learn_ros2_ws/src/my_robot_controller': PYTHONPATH=/home/ayden/learn_ros2_ws/build/my_robot_controller/prefix_override:/home/ayden/learn_ros2_ws/install/my_robot_controller/lib/python3.10/site-packages:${PYTHONPATH} /usr/bin/python3 setup.py egg_info --egg-base ../../build/my_robot_controller build --build-base /home/ayden/learn_ros2_ws/build/my_robot_controller/build install --record /home/ayden/learn_ros2_ws/build/my_robot_controller/install.log --single-version-externally-managed
[6.311s] running egg_info
[6.312s] writing ../../build/my_robot_controller/my_robot_controller.egg-info/PKG-INFO
[6.312s] writing dependency_links to ../../build/my_robot_controller/my_robot_controller.egg-info/dependency_links.txt
[6.315s] writing entry points to ../../build/my_robot_controller/my_robot_controller.egg-info/entry_points.txt
[6.316s] writing requirements to ../../build/my_robot_controller/my_robot_controller.egg-info/requires.txt
[6.316s] writing top-level names to ../../build/my_robot_controller/my_robot_controller.egg-info/top_level.txt
[6.329s] reading manifest file '../../build/my_robot_controller/my_robot_controller.egg-info/SOURCES.txt'
[6.333s] writing manifest file '../../build/my_robot_controller/my_robot_controller.egg-info/SOURCES.txt'
[6.333s] running build
[6.334s] running build_py
[6.334s] copying my_robot_controller/driver_node.py -> /home/ayden/learn_ros2_ws/build/my_robot_controller/build/lib/my_robot_controller
[6.335s] running install
[6.335s] running install_lib
[6.338s] copying /home/ayden/learn_ros2_ws/build/my_robot_controller/build/lib/my_robot_controller/driver_node.py -> /home/ayden/learn_ros2_ws/install/my_robot_controller/lib/python3.10/site-packages/my_robot_controller
[6.347s] byte-compiling /home/ayden/learn_ros2_ws/install/my_robot_controller/lib/python3.10/site-packages/my_robot_controller/driver_node.py to driver_node.cpython-310.pyc
[6.349s] running install_data
[6.352s] running install_egg_info
[6.357s] removing '/home/ayden/learn_ros2_ws/install/my_robot_controller/lib/python3.10/site-packages/my_robot_controller-0.0.0-py3.10.egg-info' (and everything under it)
[6.358s] Copying ../../build/my_robot_controller/my_robot_controller.egg-info to /home/ayden/learn_ros2_ws/install/my_robot_controller/lib/python3.10/site-packages/my_robot_controller-0.0.0-py3.10.egg-info
[6.366s] running install_scripts
[6.461s] Installing driver_node script to /home/ayden/learn_ros2_ws/install/my_robot_controller/lib/my_robot_controller
[6.462s] writing list of installed files to '/home/ayden/learn_ros2_ws/build/my_robot_controller/install.log'
[6.576s] Invoked command in '/home/ayden/learn_ros2_ws/src/my_robot_controller' returned '0': PYTHONPATH=/home/ayden/learn_ros2_ws/build/my_robot_controller/prefix_override:/home/ayden/learn_ros2_ws/install/my_robot_controller/lib/python3.10/site-packages:${PYTHONPATH} /usr/bin/python3 setup.py egg_info --egg-base ../../build/my_robot_controller build --build-base /home/ayden/learn_ros2_ws/build/my_robot_controller/build install --record /home/ayden/learn_ros2_ws/build/my_robot_controller/install.log --single-version-externally-managed
